{"meta": {"format": 3, "version": "7.10.7", "timestamp": "2026-03-26T15:54:13.609696", "branch_coverage": false, "show_contexts": false}, "files": {"app/__init__.py": {"executed_lines": [0], "summary": {"covered_lines": 0, "num_statements": 0, "percent_covered": 100.0, "percent_covered_display": "100", "missing_lines": 0, "excluded_lines": 0}, "missing_lines": [], "excluded_lines": [], "functions": {"": {"executed_lines": [], "summary": {"covered_lines": 0, "num_statements": 0, "percent_covered": 100.0, "percent_covered_display": "100", "missing_lines": 0, "excluded_lines": 0}, "missing_lines": [], "excluded_lines": []}}, "classes": {"": {"executed_lines": [], "summary": {"covered_lines": 0, "num_statements": 0, "percent_covered": 100.0, "percent_covered_display": "100", "missing_lines": 0, "excluded_lines": 0}, "missing_lines": [], "excluded_lines": []}}}, "app/agents/__init__.py": {"executed_lines": [0], "summary": {"covered_lines": 0, "num_statements": 0, "percent_covered": 100.0, "percent_covered_display": "100", "missing_lines": 0, "excluded_lines": 0}, "missing_lines": [], "excluded_lines": [], "functions": {"": {"executed_lines": [], "summary": {"covered_lines": 0, "num_statements": 0, "percent_covered": 100.0, "percent_covered_display": "100", "missing_lines": 0, "excluded_lines": 0}, "missing_lines": [], "excluded_lines": []}}, "classes": {"": {"executed_lines": [], "summary": {"covered_lines": 0, "num_statements": 0, "percent_covered": 100.0, "percent_covered_display": "100", "missing_lines": 0, "excluded_lines": 0}, "missing_lines": [], "excluded_lines": []}}}, "app/agents/black_agent.py": {"executed_lines": [1, 2, 3, 4, 5, 7, 8, 9, 10, 11, 12, 14, 15, 16, 21, 22, 23, 24, 25, 26, 27, 28, 29, 30, 31, 32, 33, 34, 35, 36, 37, 39, 40, 42, 45, 46, 48, 49, 50, 52, 54, 57, 65, 67, 91, 101, 102, 105, 106, 107, 111, 112, 114, 115, 116, 121, 122, 123, 125, 126, 127, 129, 130, 132, 135, 136, 137, 138, 142, 143, 144, 145, 216, 217, 219, 222, 223, 224, 226, 227, 231, 237, 238, 239, 240, 241, 242, 243, 244, 247, 314, 315, 316, 402, 403, 404, 405, 406, 407, 408, 409, 410, 412, 413, 487, 488, 491, 497, 498, 499, 500, 501, 505, 506, 507, 513], "summary": {"covered_lines": 115, "num_statements": 307, "percent_covered": 37.45928338762215, "percent_covered_display": "37", "missing_lines": 192, "excluded_lines": 0}, "missing_lines": [55, 69, 70, 76, 77, 78, 81, 84, 85, 86, 87, 88, 89, 147, 170, 171, 172, 173, 174, 175, 176, 177, 179, 180, 181, 182, 183, 185, 186, 187, 188, 189, 192, 193, 195, 196, 207, 208, 214, 232, 233, 236, 248, 249, 250, 251, 252, 253, 256, 259, 260, 261, 273, 274, 275, 276, 277, 278, 279, 280, 281, 282, 284, 285, 288, 290, 301, 302, 303, 304, 305, 306, 307, 308, 310, 311, 312, 318, 319, 320, 321, 322, 323, 326, 327, 331, 332, 333, 334, 335, 336, 337, 338, 339, 340, 341, 342, 343, 346, 357, 358, 359, 360, 361, 362, 363, 364, 365, 366, 368, 369, 376, 377, 378, 379, 382, 389, 390, 391, 392, 393, 394, 395, 396, 397, 400, 415, 416, 417, 418, 420, 421, 422, 423, 424, 426, 428, 432, 433, 434, 436, 440, 460, 461, 462, 463, 464, 465, 466, 467, 469, 472, 473, 474, 475, 476, 477, 478, 479, 480, 481, 482, 485, 508, 509, 510, 511, 512, 514, 563, 564, 565, 566, 567, 568, 569, 570, 572, 573, 574, 575, 576, 578, 579, 580, 581, 582, 583, 584, 585, 586, 592], "excluded_lines": [], "functions": {"BlackAgent.__init__": {"executed_lines": [49, 50, 52, 54, 57, 65], "summary": {"covered_lines": 6, "num_statements": 7, "percent_covered": 85.71428571428571, "percent_covered_display": "86", "missing_lines": 1, "excluded_lines": 0}, "missing_lines": [55], "excluded_lines": []}, "BlackAgent.__call__": {"executed_lines": [], "summary": {"covered_lines": 0, "num_statements": 12, "percent_covered": 0.0, "percent_covered_display": "0", "missing_lines": 12, "excluded_lines": 0}, "missing_lines": [69, 70, 76, 77, 78, 81, 84, 85, 86, 87, 88, 89], "excluded_lines": []}, "BlackAgent.create_graph": {"executed_lines": [101, 102, 105, 106, 107, 111, 112, 114, 115, 116, 121, 122, 123], "summary": {"covered_lines": 13, "num_statements": 13, "percent_covered": 100.0, "percent_covered_display": "100", "missing_lines": 0, "excluded_lines": 0}, "missing_lines": [], "excluded_lines": []}, "BlackAgent.route_after_evp_evaluation": {"executed_lines": [127], "summary": {"covered_lines": 1, "num_statements": 1, "percent_covered": 100.0, "percent_covered_display": "100", "missing_lines": 0, "excluded_lines": 0}, "missing_lines": [], "excluded_lines": []}, "BlackAgent.generate_alternate_song_spec": {"executed_lines": [132, 135, 136, 137, 138, 142, 143, 144, 145], "summary": {"covered_lines": 9, "num_statements": 35, "percent_covered": 25.714285714285715, "percent_covered_display": "26", "missing_lines": 26, "excluded_lines": 0}, "missing_lines": [147, 170, 171, 172, 173, 174, 175, 176, 177, 179, 180, 181, 182, 183, 185, 186, 187, 188, 189, 192, 193, 195, 196, 207, 208, 214], "excluded_lines": []}, "BlackAgent.generate_sigil": {"executed_lines": [219, 222, 223, 224, 226, 227, 231, 237, 238, 239, 240, 241, 242, 243, 244, 247], "summary": {"covered_lines": 16, "num_statements": 54, "percent_covered": 29.62962962962963, "percent_covered_display": "30", "missing_lines": 38, "excluded_lines": 0}, "missing_lines": [232, 233, 236, 248, 249, 250, 251, 252, 253, 256, 259, 260, 261, 273, 274, 275, 276, 277, 278, 279, 280, 281, 282, 284, 285, 288, 290, 301, 302, 303, 304, 305, 306, 307, 308, 310, 311, 312], "excluded_lines": []}, "BlackAgent.generate_evp": {"executed_lines": [], "summary": {"covered_lines": 0, "num_statements": 49, "percent_covered": 0.0, "percent_covered_display": "0", "missing_lines": 49, "excluded_lines": 0}, "missing_lines": [318, 319, 320, 321, 322, 323, 326, 327, 331, 332, 333, 334, 335, 336, 337, 338, 339, 340, 341, 342, 343, 346, 357, 358, 359, 360, 361, 362, 363, 364, 365, 366, 368, 369, 376, 377, 378, 379, 382, 389, 390, 391, 392, 393, 394, 395, 396, 397, 400], "excluded_lines": []}, "BlackAgent.evaluate_evp": {"executed_lines": [404, 405, 406, 407, 408, 409, 410, 412, 413], "summary": {"covered_lines": 9, "num_statements": 46, "percent_covered": 19.565217391304348, "percent_covered_display": "20", "missing_lines": 37, "excluded_lines": 0}, "missing_lines": [415, 416, 417, 418, 420, 421, 422, 423, 424, 426, 428, 432, 433, 434, 436, 440, 460, 461, 462, 463, 464, 465, 466, 467, 469, 472, 473, 474, 475, 476, 477, 478, 479, 480, 481, 482, 485], "excluded_lines": []}, "BlackAgent.update_alternate_song_spec_with_evp": {"executed_lines": [491, 497, 498, 499, 500, 501, 505, 506, 507, 513], "summary": {"covered_lines": 10, "num_statements": 39, "percent_covered": 25.641025641025642, "percent_covered_display": "26", "missing_lines": 29, "excluded_lines": 0}, "missing_lines": [508, 509, 510, 511, 512, 514, 563, 564, 565, 566, 567, 568, 569, 570, 572, 573, 574, 575, 576, 578, 579, 580, 581, 582, 583, 584, 585, 586, 592], "excluded_lines": []}, "": {"executed_lines": [1, 2, 3, 4, 5, 7, 8, 9, 10, 11, 12, 14, 15, 16, 21, 22, 23, 24, 25, 26, 27, 28, 29, 30, 31, 32, 33, 34, 35, 36, 37, 39, 40, 42, 45, 46, 48, 67, 91, 125, 126, 129, 130, 216, 217, 314, 315, 316, 402, 403, 487, 488], "summary": {"covered_lines": 51, "num_statements": 51, "percent_covered": 100.0, "percent_covered_display": "100", "missing_lines": 0, "excluded_lines": 0}, "missing_lines": [], "excluded_lines": []}}, "classes": {"BlackAgent": {"executed_lines": [49, 50, 52, 54, 57, 65, 101, 102, 105, 106, 107, 111, 112, 114, 115, 116, 121, 122, 123, 127, 132, 135, 136, 137, 138, 142, 143, 144, 145, 219, 222, 223, 224, 226, 227, 231, 237, 238, 239, 240, 241, 242, 243, 244, 247, 404, 405, 406, 407, 408, 409, 410, 412, 413, 491, 497, 498, 499, 500, 501, 505, 506, 507, 513], "summary": {"covered_lines": 64, "num_statements": 256, "percent_covered": 25.0, "percent_covered_display": "25", "missing_lines": 192, "excluded_lines": 0}, "missing_lines": [55, 69, 70, 76, 77, 78, 81, 84, 85, 86, 87, 88, 89, 147, 170, 171, 172, 173, 174, 175, 176, 177, 179, 180, 181, 182, 183, 185, 186, 187, 188, 189, 192, 193, 195, 196, 207, 208, 214, 232, 233, 236, 248, 249, 250, 251, 252, 253, 256, 259, 260, 261, 273, 274, 275, 276, 277, 278, 279, 280, 281, 282, 284, 285, 288, 290, 301, 302, 303, 304, 305, 306, 307, 308, 310, 311, 312, 318, 319, 320, 321, 322, 323, 326, 327, 331, 332, 333, 334, 335, 336, 337, 338, 339, 340, 341, 342, 343, 346, 357, 358, 359, 360, 361, 362, 363, 364, 365, 366, 368, 369, 376, 377, 378, 379, 382, 389, 390, 391, 392, 393, 394, 395, 396, 397, 400, 415, 416, 417, 418, 420, 421, 422, 423, 424, 426, 428, 432, 433, 434, 436, 440, 460, 461, 462, 463, 464, 465, 466, 467, 469, 472, 473, 474, 475, 476, 477, 478, 479, 480, 481, 482, 485, 508, 509, 510, 511, 512, 514, 563, 564, 565, 566, 567, 568, 569, 570, 572, 573, 574, 575, 576, 578, 579, 580, 581, 582, 583, 584, 585, 586, 592], "excluded_lines": []}, "": {"executed_lines": [1, 2, 3, 4, 5, 7, 8, 9, 10, 11, 12, 14, 15, 16, 21, 22, 23, 24, 25, 26, 27, 28, 29, 30, 31, 32, 33, 34, 35, 36, 37, 39, 40, 42, 45, 46, 48, 67, 91, 125, 126, 129, 130, 216, 217, 314, 315, 316, 402, 403, 487, 488], "summary": {"covered_lines": 51, "num_statements": 51, "percent_covered": 100.0, "percent_covered_display": "100", "missing_lines": 0, "excluded_lines": 0}, "missing_lines": [], "excluded_lines": []}}}, "app/agents/blue_agent.py": {"executed_lines": [1, 2, 3, 4, 5, 6, 7, 9, 10, 11, 12, 13, 15, 23, 24, 28, 29, 32, 33, 34, 35, 39, 40, 41, 42, 45, 48, 51, 52, 53, 56, 59, 62, 63, 64, 67, 68, 69, 70, 71, 72, 73, 79, 81, 84, 85, 87, 88, 89, 90, 91, 93, 102, 112, 114, 148, 149, 150, 151, 152, 153, 156, 159, 160, 163, 164, 165, 166, 174, 175, 176, 177, 179, 181, 182, 183, 203, 204, 264, 308, 309, 428, 429, 446, 447, 698, 902, 903, 929, 944, 945, 958, 959, 960, 1058, 1059, 1069, 1070, 1147, 1192, 1193, 1205, 1206, 1207, 1213, 1214, 1215, 1216, 1217, 1221, 1222, 1223, 1224], "summary": {"covered_lines": 112, "num_statements": 623, "percent_covered": 17.97752808988764, "percent_covered_display": "18", "missing_lines": 511, "excluded_lines": 0}, "missing_lines": [92, 115, 116, 133, 134, 135, 136, 137, 138, 139, 141, 142, 143, 144, 145, 146, 184, 190, 191, 192, 193, 194, 196, 197, 198, 201, 205, 208, 209, 210, 211, 212, 213, 214, 215, 217, 218, 219, 220, 221, 222, 224, 225, 226, 227, 228, 229, 230, 231, 232, 233, 234, 235, 236, 237, 238, 239, 240, 241, 243, 244, 245, 246, 247, 248, 249, 250, 251, 252, 253, 254, 255, 256, 257, 258, 259, 262, 265, 266, 267, 268, 269, 270, 272, 275, 278, 280, 281, 282, 283, 284, 285, 286, 287, 288, 289, 290, 291, 292, 293, 294, 295, 296, 297, 298, 299, 301, 302, 303, 304, 305, 306, 310, 316, 317, 319, 320, 321, 323, 326, 327, 328, 329, 344, 345, 347, 348, 349, 350, 351, 352, 353, 354, 355, 363, 370, 371, 376, 381, 382, 383, 384, 386, 387, 388, 397, 406, 407, 408, 409, 410, 411, 412, 413, 414, 417, 418, 419, 420, 426, 430, 431, 434, 435, 436, 439, 440, 444, 448, 454, 455, 456, 457, 458, 462, 463, 464, 465, 466, 467, 468, 469, 470, 471, 472, 473, 474, 475, 478, 481, 482, 484, 485, 486, 487, 488, 489, 490, 491, 492, 493, 494, 496, 497, 498, 501, 502, 503, 504, 505, 506, 507, 508, 509, 510, 511, 516, 517, 518, 519, 525, 526, 527, 528, 529, 530, 532, 628, 629, 630, 631, 632, 634, 635, 636, 637, 638, 639, 641, 642, 643, 644, 646, 647, 648, 650, 654, 656, 658, 659, 660, 661, 662, 663, 664, 665, 666, 667, 669, 670, 674, 676, 677, 680, 683, 684, 685, 686, 687, 688, 689, 690, 696, 712, 713, 714, 715, 716, 719, 720, 721, 723, 724, 725, 726, 727, 730, 733, 734, 735, 737, 738, 739, 740, 744, 745, 749, 752, 753, 754, 759, 760, 763, 764, 765, 767, 768, 773, 774, 779, 780, 784, 786, 787, 788, 790, 792, 793, 794, 795, 796, 797, 798, 799, 800, 801, 802, 803, 805, 807, 808, 809, 810, 814, 815, 819, 820, 821, 822, 826, 827, 831, 832, 836, 837, 838, 839, 840, 841, 843, 844, 848, 849, 852, 854, 855, 858, 859, 864, 865, 866, 867, 872, 873, 876, 877, 878, 879, 883, 886, 887, 891, 894, 895, 908, 909, 912, 919, 920, 921, 922, 923, 924, 925, 926, 927, 933, 934, 935, 936, 938, 940, 941, 942, 946, 947, 948, 949, 950, 951, 952, 953, 954, 955, 956, 961, 967, 968, 969, 970, 976, 977, 985, 986, 989, 992, 995, 998, 1001, 1004, 1005, 1006, 1011, 1014, 1017, 1020, 1031, 1034, 1035, 1036, 1037, 1049, 1050, 1056, 1060, 1061, 1064, 1065, 1066, 1067, 1071, 1074, 1075, 1079, 1080, 1081, 1082, 1088, 1090, 1098, 1099, 1100, 1101, 1102, 1103, 1104, 1105, 1106, 1107, 1108, 1131, 1132, 1133, 1134, 1135, 1136, 1137, 1138, 1139, 1140, 1141, 1142, 1145, 1150, 1151, 1155, 1156, 1157, 1160, 1190, 1195, 1203, 1225, 1226, 1227, 1228, 1229, 1230, 1233, 1234, 1235, 1241, 1242, 1243, 1246, 1252, 1254, 1306, 1307, 1309, 1310, 1311, 1312, 1314, 1315, 1316, 1317, 1318, 1330, 1331, 1337], "excluded_lines": [], "functions": {"BlueAgent.__init__": {"executed_lines": [88, 89, 90, 91, 93, 102, 112], "summary": {"covered_lines": 7, "num_statements": 8, "percent_covered": 87.5, "percent_covered_display": "88", "missing_lines": 1, "excluded_lines": 0}, "missing_lines": [92], "excluded_lines": []}, "BlueAgent.__call__": {"executed_lines": [], "summary": {"covered_lines": 0, "num_statements": 15, "percent_covered": 0.0, "percent_covered_display": "0", "missing_lines": 15, "excluded_lines": 0}, "missing_lines": [115, 116, 133, 134, 135, 136, 137, 138, 139, 141, 142, 143, 144, 145, 146], "excluded_lines": []}, "BlueAgent.create_graph": {"executed_lines": [149, 150, 151, 152, 153, 156, 159, 160, 163, 164, 165, 166, 174, 175, 176, 177, 179], "summary": {"covered_lines": 17, "num_statements": 17, "percent_covered": 100.0, "percent_covered_display": "100", "missing_lines": 0, "excluded_lines": 0}, "missing_lines": [], "excluded_lines": []}, "BlueAgent.load_biographical_data": {"executed_lines": [], "summary": {"covered_lines": 0, "num_statements": 10, "percent_covered": 0.0, "percent_covered_display": "0", "missing_lines": 10, "excluded_lines": 0}, "missing_lines": [184, 190, 191, 192, 193, 194, 196, 197, 198, 201], "excluded_lines": []}, "BlueAgent.select_year": {"executed_lines": [], "summary": {"covered_lines": 0, "num_statements": 46, "percent_covered": 0.0, "percent_covered_display": "0", "missing_lines": 46, "excluded_lines": 0}, "missing_lines": [205, 208, 209, 210, 211, 212, 213, 214, 215, 217, 224, 225, 226, 227, 228, 229, 230, 231, 232, 233, 234, 235, 236, 237, 238, 239, 240, 241, 243, 244, 245, 246, 247, 248, 249, 250, 251, 252, 253, 254, 255, 256, 257, 258, 259, 262], "excluded_lines": []}, "BlueAgent.select_year.pick_non_null_from_sequence": {"executed_lines": [], "summary": {"covered_lines": 0, "num_statements": 5, "percent_covered": 0.0, "percent_covered_display": "0", "missing_lines": 5, "excluded_lines": 0}, "missing_lines": [218, 219, 220, 221, 222], "excluded_lines": []}, "BlueAgent._ensure_biographical_period": {"executed_lines": [], "summary": {"covered_lines": 0, "num_statements": 35, "percent_covered": 0.0, "percent_covered_display": "0", "missing_lines": 35, "excluded_lines": 0}, "missing_lines": [265, 266, 267, 268, 269, 270, 272, 275, 278, 280, 281, 282, 283, 284, 285, 286, 287, 288, 289, 290, 291, 292, 293, 294, 295, 296, 297, 298, 299, 301, 302, 303, 304, 305, 306], "excluded_lines": []}, "BlueAgent.evaluate_timeline_frailty": {"executed_lines": [], "summary": {"covered_lines": 0, "num_statements": 48, "percent_covered": 0.0, "percent_covered_display": "0", "missing_lines": 48, "excluded_lines": 0}, "missing_lines": [310, 316, 317, 319, 320, 321, 323, 326, 327, 328, 329, 344, 345, 347, 348, 349, 350, 351, 352, 353, 354, 355, 363, 370, 371, 376, 381, 382, 383, 384, 386, 387, 388, 397, 406, 407, 408, 409, 410, 411, 412, 413, 414, 417, 418, 419, 420, 426], "excluded_lines": []}, "BlueAgent.route_after_evaluate_timeline_frailty": {"executed_lines": [], "summary": {"covered_lines": 0, "num_statements": 8, "percent_covered": 0.0, "percent_covered_display": "0", "missing_lines": 8, "excluded_lines": 0}, "missing_lines": [430, 431, 434, 435, 436, 439, 440, 444], "excluded_lines": []}, "BlueAgent.generate_alternate_history": {"executed_lines": [], "summary": {"covered_lines": 0, "num_statements": 105, "percent_covered": 0.0, "percent_covered_display": "0", "missing_lines": 105, "excluded_lines": 0}, "missing_lines": [448, 454, 455, 456, 457, 458, 462, 463, 464, 465, 466, 467, 468, 469, 470, 471, 472, 473, 474, 475, 478, 481, 482, 484, 485, 486, 487, 488, 489, 490, 491, 492, 493, 494, 496, 497, 498, 501, 502, 503, 504, 505, 506, 507, 508, 509, 510, 511, 516, 517, 518, 519, 525, 526, 527, 528, 529, 530, 532, 628, 629, 630, 631, 632, 634, 635, 636, 637, 638, 639, 641, 642, 643, 644, 646, 647, 648, 650, 654, 656, 658, 659, 660, 661, 662, 663, 664, 665, 666, 667, 669, 670, 674, 676, 677, 680, 683, 684, 685, 686, 687, 688, 689, 690, 696], "excluded_lines": []}, "BlueAgent._validate_alternate_history": {"executed_lines": [], "summary": {"covered_lines": 0, "num_statements": 86, "percent_covered": 0.0, "percent_covered_display": "0", "missing_lines": 86, "excluded_lines": 0}, "missing_lines": [712, 713, 714, 715, 716, 719, 720, 721, 723, 724, 725, 726, 727, 730, 733, 734, 735, 737, 738, 739, 740, 744, 745, 749, 752, 753, 754, 759, 760, 763, 764, 765, 767, 768, 773, 774, 779, 780, 784, 790, 805, 807, 808, 809, 810, 814, 815, 819, 820, 821, 822, 826, 827, 831, 832, 836, 837, 838, 839, 840, 841, 843, 844, 848, 849, 852, 854, 855, 858, 859, 864, 865, 866, 867, 872, 873, 876, 877, 878, 879, 883, 886, 887, 891, 894, 895], "excluded_lines": []}, "BlueAgent._validate_alternate_history._normalize_location": {"executed_lines": [], "summary": {"covered_lines": 0, "num_statements": 3, "percent_covered": 0.0, "percent_covered_display": "0", "missing_lines": 3, "excluded_lines": 0}, "missing_lines": [786, 787, 788], "excluded_lines": []}, "BlueAgent._validate_alternate_history._get_region": {"executed_lines": [], "summary": {"covered_lines": 0, "num_statements": 12, "percent_covered": 0.0, "percent_covered_display": "0", "missing_lines": 12, "excluded_lines": 0}, "missing_lines": [792, 793, 794, 795, 796, 797, 798, 799, 800, 801, 802, 803], "excluded_lines": []}, "BlueAgent._extract_locations_from_text": {"executed_lines": [], "summary": {"covered_lines": 0, "num_statements": 12, "percent_covered": 0.0, "percent_covered_display": "0", "missing_lines": 12, "excluded_lines": 0}, "missing_lines": [908, 909, 912, 919, 920, 921, 922, 923, 924, 925, 926, 927], "excluded_lines": []}, "BlueAgent._normalize_period": {"executed_lines": [], "summary": {"covered_lines": 0, "num_statements": 8, "percent_covered": 0.0, "percent_covered_display": "0", "missing_lines": 8, "excluded_lines": 0}, "missing_lines": [933, 934, 935, 936, 938, 940, 941, 942], "excluded_lines": []}, "BlueAgent._item_to_text": {"executed_lines": [], "summary": {"covered_lines": 0, "num_statements": 11, "percent_covered": 0.0, "percent_covered_display": "0", "missing_lines": 11, "excluded_lines": 0}, "missing_lines": [946, 947, 948, 949, 950, 951, 952, 953, 954, 955, 956], "excluded_lines": []}, "BlueAgent.extract_musical_parameters": {"executed_lines": [], "summary": {"covered_lines": 0, "num_statements": 29, "percent_covered": 0.0, "percent_covered_display": "0", "missing_lines": 29, "excluded_lines": 0}, "missing_lines": [961, 967, 968, 969, 970, 976, 977, 985, 986, 989, 992, 995, 998, 1001, 1004, 1005, 1006, 1011, 1014, 1017, 1020, 1031, 1034, 1035, 1036, 1037, 1049, 1050, 1056], "excluded_lines": []}, "BlueAgent._generate_a_cryptic_note": {"executed_lines": [], "summary": {"covered_lines": 0, "num_statements": 6, "percent_covered": 0.0, "percent_covered_display": "0", "missing_lines": 6, "excluded_lines": 0}, "missing_lines": [1060, 1061, 1064, 1065, 1066, 1067], "excluded_lines": []}, "BlueAgent.generate_tape_label": {"executed_lines": [], "summary": {"covered_lines": 0, "num_statements": 33, "percent_covered": 0.0, "percent_covered_display": "0", "missing_lines": 33, "excluded_lines": 0}, "missing_lines": [1071, 1074, 1075, 1079, 1080, 1081, 1082, 1088, 1090, 1098, 1099, 1100, 1101, 1102, 1103, 1104, 1105, 1106, 1107, 1108, 1131, 1132, 1133, 1134, 1135, 1136, 1137, 1138, 1139, 1140, 1141, 1142, 1145], "excluded_lines": []}, "BlueAgent._format_alternate_history_for_prompt": {"executed_lines": [], "summary": {"covered_lines": 0, "num_statements": 7, "percent_covered": 0.0, "percent_covered_display": "0", "missing_lines": 7, "excluded_lines": 0}, "missing_lines": [1150, 1151, 1155, 1156, 1157, 1160, 1190], "excluded_lines": []}, "BlueAgent._get_tone_description": {"executed_lines": [], "summary": {"covered_lines": 0, "num_statements": 2, "percent_covered": 0.0, "percent_covered_display": "0", "missing_lines": 2, "excluded_lines": 0}, "missing_lines": [1195, 1203], "excluded_lines": []}, "BlueAgent.generate_alternate_song_spec": {"executed_lines": [1207, 1213, 1214, 1215, 1216, 1217, 1221, 1222, 1223, 1224], "summary": {"covered_lines": 10, "num_statements": 39, "percent_covered": 25.641025641025642, "percent_covered_display": "26", "missing_lines": 29, "excluded_lines": 0}, "missing_lines": [1225, 1226, 1227, 1228, 1229, 1230, 1233, 1234, 1235, 1241, 1242, 1243, 1246, 1252, 1254, 1306, 1307, 1309, 1310, 1311, 1312, 1314, 1315, 1316, 1317, 1318, 1330, 1331, 1337], "excluded_lines": []}, "": {"executed_lines": [1, 2, 3, 4, 5, 6, 7, 9, 10, 11, 12, 13, 15, 23, 24, 28, 29, 32, 33, 34, 35, 39, 40, 41, 42, 45, 48, 51, 52, 53, 56, 59, 62, 63, 64, 67, 68, 69, 70, 71, 72, 73, 79, 81, 84, 85, 87, 114, 148, 181, 182, 183, 203, 204, 264, 308, 309, 428, 429, 446, 447, 698, 902, 903, 929, 944, 945, 958, 959, 960, 1058, 1059, 1069, 1070, 1147, 1192, 1193, 1205, 1206], "summary": {"covered_lines": 78, "num_statements": 78, "percent_covered": 100.0, "percent_covered_display": "100", "missing_lines": 0, "excluded_lines": 0}, "missing_lines": [], "excluded_lines": []}}, "classes": {"BlueAgent": {"executed_lines": [88, 89, 90, 91, 93, 102, 112, 149, 150, 151, 152, 153, 156, 159, 160, 163, 164, 165, 166, 174, 175, 176, 177, 179, 1207, 1213, 1214, 1215, 1216, 1217, 1221, 1222, 1223, 1224], "summary": {"covered_lines": 34, "num_statements": 545, "percent_covered": 6.238532110091743, "percent_covered_display": "6", "missing_lines": 511, "excluded_lines": 0}, "missing_lines": [92, 115, 116, 133, 134, 135, 136, 137, 138, 139, 141, 142, 143, 144, 145, 146, 184, 190, 191, 192, 193, 194, 196, 197, 198, 201, 205, 208, 209, 210, 211, 212, 213, 214, 215, 217, 218, 219, 220, 221, 222, 224, 225, 226, 227, 228, 229, 230, 231, 232, 233, 234, 235, 236, 237, 238, 239, 240, 241, 243, 244, 245, 246, 247, 248, 249, 250, 251, 252, 253, 254, 255, 256, 257, 258, 259, 262, 265, 266, 267, 268, 269, 270, 272, 275, 278, 280, 281, 282, 283, 284, 285, 286, 287, 288, 289, 290, 291, 292, 293, 294, 295, 296, 297, 298, 299, 301, 302, 303, 304, 305, 306, 310, 316, 317, 319, 320, 321, 323, 326, 327, 328, 329, 344, 345, 347, 348, 349, 350, 351, 352, 353, 354, 355, 363, 370, 371, 376, 381, 382, 383, 384, 386, 387, 388, 397, 406, 407, 408, 409, 410, 411, 412, 413, 414, 417, 418, 419, 420, 426, 430, 431, 434, 435, 436, 439, 440, 444, 448, 454, 455, 456, 457, 458, 462, 463, 464, 465, 466, 467, 468, 469, 470, 471, 472, 473, 474, 475, 478, 481, 482, 484, 485, 486, 487, 488, 489, 490, 491, 492, 493, 494, 496, 497, 498, 501, 502, 503, 504, 505, 506, 507, 508, 509, 510, 511, 516, 517, 518, 519, 525, 526, 527, 528, 529, 530, 532, 628, 629, 630, 631, 632, 634, 635, 636, 637, 638, 639, 641, 642, 643, 644, 646, 647, 648, 650, 654, 656, 658, 659, 660, 661, 662, 663, 664, 665, 666, 667, 669, 670, 674, 676, 677, 680, 683, 684, 685, 686, 687, 688, 689, 690, 696, 712, 713, 714, 715, 716, 719, 720, 721, 723, 724, 725, 726, 727, 730, 733, 734, 735, 737, 738, 739, 740, 744, 745, 749, 752, 753, 754, 759, 760, 763, 764, 765, 767, 768, 773, 774, 779, 780, 784, 786, 787, 788, 790, 792, 793, 794, 795, 796, 797, 798, 799, 800, 801, 802, 803, 805, 807, 808, 809, 810, 814, 815, 819, 820, 821, 822, 826, 827, 831, 832, 836, 837, 838, 839, 840, 841, 843, 844, 848, 849, 852, 854, 855, 858, 859, 864, 865, 866, 867, 872, 873, 876, 877, 878, 879, 883, 886, 887, 891, 894, 895, 908, 909, 912, 919, 920, 921, 922, 923, 924, 925, 926, 927, 933, 934, 935, 936, 938, 940, 941, 942, 946, 947, 948, 949, 950, 951, 952, 953, 954, 955, 956, 961, 967, 968, 969, 970, 976, 977, 985, 986, 989, 992, 995, 998, 1001, 1004, 1005, 1006, 1011, 1014, 1017, 1020, 1031, 1034, 1035, 1036, 1037, 1049, 1050, 1056, 1060, 1061, 1064, 1065, 1066, 1067, 1071, 1074, 1075, 1079, 1080, 1081, 1082, 1088, 1090, 1098, 1099, 1100, 1101, 1102, 1103, 1104, 1105, 1106, 1107, 1108, 1131, 1132, 1133, 1134, 1135, 1136, 1137, 1138, 1139, 1140, 1141, 1142, 1145, 1150, 1151, 1155, 1156, 1157, 1160, 1190, 1195, 1203, 1225, 1226, 1227, 1228, 1229, 1230, 1233, 1234, 1235, 1241, 1242, 1243, 1246, 1252, 1254, 1306, 1307, 1309, 1310, 1311, 1312, 1314, 1315, 1316, 1317, 1318, 1330, 1331, 1337], "excluded_lines": []}, "": {"executed_lines": [1, 2, 3, 4, 5, 6, 7, 9, 10, 11, 12, 13, 15, 23, 24, 28, 29, 32, 33, 34, 35, 39, 40, 41, 42, 45, 48, 51, 52, 53, 56, 59, 62, 63, 64, 67, 68, 69, 70, 71, 72, 73, 79, 81, 84, 85, 87, 114, 148, 181, 182, 183, 203, 204, 264, 308, 309, 428, 429, 446, 447, 698, 902, 903, 929, 944, 945, 958, 959, 960, 1058, 1059, 1069, 1070, 1147, 1192, 1193, 1205, 1206], "summary": {"covered_lines": 78, "num_statements": 78, "percent_covered": 100.0, "percent_covered_display": "100", "missing_lines": 0, "excluded_lines": 0}, "missing_lines": [], "excluded_lines": []}}}, "app/agents/green_agent.py": {"executed_lines": [1, 2, 3, 4, 5, 7, 8, 9, 10, 11, 13, 14, 15, 16, 17, 18, 19, 20, 21, 22, 25, 26, 29, 32, 33, 35, 37, 40, 41, 42, 43, 44, 45, 47, 57, 70, 71, 84, 85, 86, 87, 89, 90, 93, 94, 95, 96, 97, 99, 100, 101, 102, 103, 106, 110, 111, 114, 117, 118, 119, 120, 123, 124, 125, 126, 128, 130, 131, 132, 133, 134, 135, 136, 137, 138, 142, 143, 144, 145, 146, 147, 148, 149, 152, 153, 154, 155, 156, 157, 177, 178, 180, 181, 182, 183, 184, 185, 186, 187, 191, 192, 193, 194, 195, 196, 197, 198, 276, 277, 278, 281, 282, 283, 284, 285, 289, 290, 291, 294, 295, 362, 363, 366, 372, 373, 374, 375, 376, 380, 381, 382, 385, 386, 387, 388, 485, 486, 487, 488, 489, 490, 491, 492, 496, 497, 498, 499, 500, 501, 502, 579, 580, 581, 584, 585, 586, 587, 588, 591, 592, 593, 594, 595, 596, 597, 701, 702, 703, 709, 710, 711, 712, 713, 717, 718, 719, 725], "summary": {"covered_lines": 177, "num_statements": 444, "percent_covered": 39.86486486486486, "percent_covered_display": "40", "missing_lines": 267, "excluded_lines": 0}, "missing_lines": [46, 88, 92, 159, 160, 161, 162, 163, 164, 165, 166, 167, 168, 171, 172, 173, 174, 175, 176, 199, 200, 201, 202, 203, 205, 206, 207, 210, 212, 234, 235, 236, 237, 238, 240, 241, 242, 243, 244, 245, 247, 248, 249, 250, 251, 252, 253, 254, 256, 257, 258, 259, 260, 261, 262, 264, 265, 266, 267, 268, 269, 270, 271, 272, 273, 274, 296, 297, 298, 299, 300, 302, 303, 308, 311, 313, 333, 334, 337, 338, 339, 340, 341, 344, 345, 346, 347, 348, 349, 350, 351, 352, 353, 354, 355, 356, 357, 360, 389, 390, 391, 392, 393, 395, 396, 401, 407, 409, 434, 435, 438, 439, 440, 442, 443, 444, 445, 446, 447, 449, 450, 451, 454, 455, 456, 457, 458, 460, 461, 462, 463, 464, 465, 466, 468, 469, 470, 471, 472, 473, 474, 475, 476, 477, 483, 503, 504, 505, 506, 507, 508, 510, 511, 512, 515, 517, 536, 537, 538, 539, 540, 542, 543, 544, 545, 546, 547, 549, 550, 551, 552, 553, 554, 555, 556, 558, 559, 560, 561, 562, 563, 564, 566, 567, 568, 569, 570, 571, 572, 573, 574, 576, 577, 598, 599, 600, 601, 602, 603, 605, 610, 616, 619, 621, 647, 648, 649, 650, 651, 653, 654, 655, 656, 657, 658, 662, 663, 664, 665, 666, 668, 670, 671, 672, 673, 674, 675, 676, 677, 679, 680, 681, 682, 683, 684, 685, 687, 688, 689, 690, 691, 692, 693, 694, 695, 696, 699, 720, 721, 722, 723, 724, 727, 755, 756, 757, 758, 759, 760, 762, 763, 764, 765, 766, 777, 778, 784], "excluded_lines": [], "functions": {"GreenAgent.__init__": {"executed_lines": [42, 43, 44, 45, 47], "summary": {"covered_lines": 5, "num_statements": 6, "percent_covered": 83.33333333333333, "percent_covered_display": "83", "missing_lines": 1, "excluded_lines": 0}, "missing_lines": [46], "excluded_lines": []}, "GreenAgent.__call__": {"executed_lines": [70, 71, 84, 85, 86, 87, 89, 90, 93, 94, 95, 96, 97], "summary": {"covered_lines": 13, "num_statements": 15, "percent_covered": 86.66666666666667, "percent_covered_display": "87", "missing_lines": 2, "excluded_lines": 0}, "missing_lines": [88, 92], "excluded_lines": []}, "GreenAgent.create_graph": {"executed_lines": [100, 101, 102, 103, 106, 110, 111, 114, 117, 118, 119, 120, 123, 124, 125, 126, 128], "summary": {"covered_lines": 17, "num_statements": 17, "percent_covered": 100.0, "percent_covered_display": "100", "missing_lines": 0, "excluded_lines": 0}, "missing_lines": [], "excluded_lines": []}, "GreenAgent.get_species": {"executed_lines": [133, 134, 135, 136, 137, 138, 142, 143, 144, 145, 146, 147, 148, 149, 152, 153, 154, 155, 156, 157, 177, 178], "summary": {"covered_lines": 22, "num_statements": 38, "percent_covered": 57.89473684210526, "percent_covered_display": "58", "missing_lines": 16, "excluded_lines": 0}, "missing_lines": [159, 160, 161, 162, 163, 164, 165, 166, 167, 168, 171, 172, 173, 174, 175, 176], "excluded_lines": []}, "GreenAgent.get_human": {"executed_lines": [182, 183, 184, 185, 186, 187, 191, 192, 193, 194, 195, 196, 197, 198], "summary": {"covered_lines": 14, "num_statements": 61, "percent_covered": 22.950819672131146, "percent_covered_display": "23", "missing_lines": 47, "excluded_lines": 0}, "missing_lines": [199, 200, 201, 202, 203, 205, 206, 207, 210, 212, 234, 235, 236, 237, 238, 240, 241, 242, 243, 244, 245, 247, 248, 249, 250, 251, 252, 253, 254, 256, 257, 258, 259, 260, 261, 262, 264, 265, 266, 267, 268, 269, 270, 271, 272, 273, 274], "excluded_lines": []}, "GreenAgent.get_parallel_moment": {"executed_lines": [278, 281, 282, 283, 284, 285, 289, 290, 291, 294, 295], "summary": {"covered_lines": 11, "num_statements": 43, "percent_covered": 25.58139534883721, "percent_covered_display": "26", "missing_lines": 32, "excluded_lines": 0}, "missing_lines": [296, 297, 298, 299, 300, 302, 303, 308, 311, 313, 333, 334, 337, 338, 339, 340, 341, 344, 345, 346, 347, 348, 349, 350, 351, 352, 353, 354, 355, 356, 357, 360], "excluded_lines": []}, "GreenAgent.write_last_human_extinction_narrative": {"executed_lines": [366, 372, 373, 374, 375, 376, 380, 381, 382, 385, 386, 387, 388], "summary": {"covered_lines": 13, "num_statements": 60, "percent_covered": 21.666666666666668, "percent_covered_display": "22", "missing_lines": 47, "excluded_lines": 0}, "missing_lines": [389, 390, 391, 392, 393, 395, 396, 401, 407, 409, 434, 435, 438, 439, 440, 442, 443, 444, 445, 446, 447, 449, 450, 451, 454, 455, 456, 457, 458, 460, 461, 462, 463, 464, 465, 466, 468, 469, 470, 471, 472, 473, 474, 475, 476, 477, 483], "excluded_lines": []}, "GreenAgent.survey": {"executed_lines": [487, 488, 489, 490, 491, 492, 496, 497, 498, 499, 500, 501, 502], "summary": {"covered_lines": 13, "num_statements": 61, "percent_covered": 21.311475409836067, "percent_covered_display": "21", "missing_lines": 48, "excluded_lines": 0}, "missing_lines": [503, 504, 505, 506, 507, 508, 510, 511, 512, 515, 517, 536, 537, 538, 539, 540, 542, 543, 544, 545, 546, 547, 549, 550, 551, 552, 553, 554, 555, 556, 558, 559, 560, 561, 562, 563, 564, 566, 567, 568, 569, 570, 571, 572, 573, 574, 576, 577], "excluded_lines": []}, "GreenAgent.claudes_choice": {"executed_lines": [581, 584, 585, 586, 587, 588, 591, 592, 593, 594, 595, 596, 597], "summary": {"covered_lines": 13, "num_statements": 67, "percent_covered": 19.402985074626866, "percent_covered_display": "19", "missing_lines": 54, "excluded_lines": 0}, "missing_lines": [598, 599, 600, 601, 602, 603, 605, 610, 616, 619, 621, 647, 648, 649, 650, 651, 653, 654, 655, 656, 657, 658, 662, 663, 664, 665, 666, 668, 670, 671, 672, 673, 674, 675, 676, 677, 679, 680, 681, 682, 683, 684, 685, 687, 688, 689, 690, 691, 692, 693, 694, 695, 696, 699], "excluded_lines": []}, "GreenAgent.generate_alternate_song_spec": {"executed_lines": [703, 709, 710, 711, 712, 713, 717, 718, 719, 725], "summary": {"covered_lines": 10, "num_statements": 30, "percent_covered": 33.333333333333336, "percent_covered_display": "33", "missing_lines": 20, "excluded_lines": 0}, "missing_lines": [720, 721, 722, 723, 724, 727, 755, 756, 757, 758, 759, 760, 762, 763, 764, 765, 766, 777, 778, 784], "excluded_lines": []}, "": {"executed_lines": [1, 2, 3, 4, 5, 7, 8, 9, 10, 11, 13, 14, 15, 16, 17, 18, 19, 20, 21, 22, 25, 26, 29, 32, 33, 35, 37, 40, 41, 57, 99, 130, 131, 132, 180, 181, 276, 277, 362, 363, 485, 486, 579, 580, 701, 702], "summary": {"covered_lines": 46, "num_statements": 46, "percent_covered": 100.0, "percent_covered_display": "100", "missing_lines": 0, "excluded_lines": 0}, "missing_lines": [], "excluded_lines": []}}, "classes": {"GreenAgent": {"executed_lines": [42, 43, 44, 45, 47, 70, 71, 84, 85, 86, 87, 89, 90, 93, 94, 95, 96, 97, 100, 101, 102, 103, 106, 110, 111, 114, 117, 118, 119, 120, 123, 124, 125, 126, 128, 133, 134, 135, 136, 137, 138, 142, 143, 144, 145, 146, 147, 148, 149, 152, 153, 154, 155, 156, 157, 177, 178, 182, 183, 184, 185, 186, 187, 191, 192, 193, 194, 195, 196, 197, 198, 278, 281, 282, 283, 284, 285, 289, 290, 291, 294, 295, 366, 372, 373, 374, 375, 376, 380, 381, 382, 385, 386, 387, 388, 487, 488, 489, 490, 491, 492, 496, 497, 498, 499, 500, 501, 502, 581, 584, 585, 586, 587, 588, 591, 592, 593, 594, 595, 596, 597, 703, 709, 710, 711, 712, 713, 717, 718, 719, 725], "summary": {"covered_lines": 131, "num_statements": 398, "percent_covered": 32.914572864321606, "percent_covered_display": "33", "missing_lines": 267, "excluded_lines": 0}, "missing_lines": [46, 88, 92, 159, 160, 161, 162, 163, 164, 165, 166, 167, 168, 171, 172, 173, 174, 175, 176, 199, 200, 201, 202, 203, 205, 206, 207, 210, 212, 234, 235, 236, 237, 238, 240, 241, 242, 243, 244, 245, 247, 248, 249, 250, 251, 252, 253, 254, 256, 257, 258, 259, 260, 261, 262, 264, 265, 266, 267, 268, 269, 270, 271, 272, 273, 274, 296, 297, 298, 299, 300, 302, 303, 308, 311, 313, 333, 334, 337, 338, 339, 340, 341, 344, 345, 346, 347, 348, 349, 350, 351, 352, 353, 354, 355, 356, 357, 360, 389, 390, 391, 392, 393, 395, 396, 401, 407, 409, 434, 435, 438, 439, 440, 442, 443, 444, 445, 446, 447, 449, 450, 451, 454, 455, 456, 457, 458, 460, 461, 462, 463, 464, 465, 466, 468, 469, 470, 471, 472, 473, 474, 475, 476, 477, 483, 503, 504, 505, 506, 507, 508, 510, 511, 512, 515, 517, 536, 537, 538, 539, 540, 542, 543, 544, 545, 546, 547, 549, 550, 551, 552, 553, 554, 555, 556, 558, 559, 560, 561, 562, 563, 564, 566, 567, 568, 569, 570, 571, 572, 573, 574, 576, 577, 598, 599, 600, 601, 602, 603, 605, 610, 616, 619, 621, 647, 648, 649, 650, 651, 653, 654, 655, 656, 657, 658, 662, 663, 664, 665, 666, 668, 670, 671, 672, 673, 674, 675, 676, 677, 679, 680, 681, 682, 683, 684, 685, 687, 688, 689, 690, 691, 692, 693, 694, 695, 696, 699, 720, 721, 722, 723, 724, 727, 755, 756, 757, 758, 759, 760, 762, 763, 764, 765, 766, 777, 778, 784], "excluded_lines": []}, "": {"executed_lines": [1, 2, 3, 4, 5, 7, 8, 9, 10, 11, 13, 14, 15, 16, 17, 18, 19, 20, 21, 22, 25, 26, 29, 32, 33, 35, 37, 40, 41, 57, 99, 130, 131, 132, 180, 181, 276, 277, 362, 363, 485, 486, 579, 580, 701, 702], "summary": {"covered_lines": 46, "num_statements": 46, "percent_covered": 100.0, "percent_covered_display": "100", "missing_lines": 0, "excluded_lines": 0}, "missing_lines": [], "excluded_lines": []}}}, "app/agents/indigo_agent.py": {"executed_lines": [1, 2, 3, 4, 5, 6, 8, 9, 10, 11, 12, 13, 14, 16, 17, 18, 19, 20, 21, 22, 24, 25, 26, 29, 32, 33, 34, 35, 40, 45, 46, 48, 50, 53, 54, 64, 65, 66, 67, 68, 70, 80, 118, 129, 130, 131, 132, 133, 134, 135, 136, 137, 138, 141, 142, 143, 144, 145, 146, 147, 148, 149, 150, 159, 160, 163, 173, 183, 184, 185, 186, 187, 189, 190, 191, 213, 214, 273, 274, 332, 333, 391, 392, 412, 413, 434, 435, 470, 471, 604, 605, 622, 623, 644, 663, 682, 683, 695, 713, 714, 722, 757, 792, 793, 853, 854, 855, 856, 857, 858, 862, 863, 864, 865, 870, 871, 877, 977, 978, 990, 991, 997, 998, 1017, 1018, 1024, 1025, 1041], "summary": {"covered_lines": 127, "num_statements": 530, "percent_covered": 23.962264150943398, "percent_covered_display": "24", "missing_lines": 403, "excluded_lines": 0}, "missing_lines": [69, 81, 103, 104, 105, 106, 107, 108, 109, 111, 112, 113, 114, 115, 116, 192, 195, 196, 197, 198, 199, 200, 201, 202, 203, 204, 205, 206, 207, 208, 211, 219, 222, 223, 224, 225, 226, 227, 228, 232, 233, 234, 235, 236, 237, 238, 239, 241, 256, 257, 258, 259, 260, 261, 262, 263, 264, 265, 266, 267, 268, 271, 279, 282, 283, 284, 285, 286, 287, 291, 292, 293, 294, 295, 296, 297, 298, 300, 315, 316, 317, 318, 319, 320, 321, 322, 323, 324, 325, 326, 327, 330, 334, 337, 338, 339, 340, 341, 345, 346, 347, 348, 349, 350, 351, 352, 353, 355, 371, 372, 373, 374, 375, 376, 377, 378, 379, 380, 381, 382, 383, 389, 397, 400, 401, 402, 403, 404, 406, 407, 410, 417, 420, 423, 424, 425, 426, 427, 428, 429, 432, 439, 442, 444, 445, 446, 447, 450, 456, 457, 458, 459, 460, 461, 462, 463, 464, 465, 468, 475, 481, 482, 483, 484, 486, 487, 488, 490, 491, 492, 494, 496, 499, 500, 502, 503, 515, 516, 517, 518, 520, 521, 523, 524, 531, 532, 538, 539, 540, 542, 543, 544, 545, 546, 547, 548, 550, 552, 563, 564, 567, 570, 573, 576, 590, 591, 592, 593, 596, 598, 607, 610, 611, 612, 613, 614, 615, 616, 617, 618, 619, 620, 625, 628, 629, 630, 631, 636, 637, 638, 639, 640, 642, 646, 658, 659, 660, 661, 665, 677, 678, 679, 680, 685, 686, 688, 689, 690, 691, 693, 697, 698, 700, 701, 702, 703, 704, 705, 706, 707, 708, 709, 710, 711, 716, 717, 718, 719, 720, 724, 725, 726, 741, 742, 743, 744, 745, 746, 749, 750, 751, 752, 753, 754, 755, 759, 760, 761, 762, 767, 781, 784, 785, 786, 787, 788, 789, 790, 797, 799, 800, 801, 803, 805, 806, 807, 808, 809, 813, 815, 816, 817, 818, 819, 824, 827, 828, 829, 830, 833, 834, 847, 848, 849, 850, 851, 872, 873, 874, 875, 876, 879, 881, 925, 926, 927, 928, 929, 930, 933, 935, 936, 937, 942, 944, 947, 948, 949, 950, 953, 955, 957, 958, 959, 971, 979, 980, 981, 982, 985, 987, 988, 993, 994, 995, 1004, 1006, 1007, 1008, 1009, 1011, 1020, 1021, 1022, 1027, 1028, 1030, 1043, 1044, 1045, 1046, 1047, 1048, 1057, 1058, 1059, 1060, 1061, 1063, 1064, 1065, 1066, 1067, 1068, 1070, 1071, 1072, 1073, 1076, 1077, 1078, 1080, 1081], "excluded_lines": [], "functions": {"IndigoAgent.__init__": {"executed_lines": [65, 66, 67, 68, 70], "summary": {"covered_lines": 5, "num_statements": 6, "percent_covered": 83.33333333333333, "percent_covered_display": "83", "missing_lines": 1, "excluded_lines": 0}, "missing_lines": [69], "excluded_lines": []}, "IndigoAgent.__call__": {"executed_lines": [], "summary": {"covered_lines": 0, "num_statements": 14, "percent_covered": 0.0, "percent_covered_display": "0", "missing_lines": 14, "excluded_lines": 0}, "missing_lines": [81, 103, 104, 105, 106, 107, 108, 109, 111, 112, 113, 114, 115, 116], "excluded_lines": []}, "IndigoAgent.create_graph": {"executed_lines": [129, 130, 131, 132, 133, 134, 135, 136, 137, 138, 141, 142, 143, 144, 145, 146, 147, 148, 149, 150, 159, 160, 163, 173, 183, 184, 185, 186, 187], "summary": {"covered_lines": 29, "num_statements": 29, "percent_covered": 100.0, "percent_covered_display": "100", "missing_lines": 0, "excluded_lines": 0}, "missing_lines": [], "excluded_lines": []}, "IndigoAgent.get_concepts": {"executed_lines": [], "summary": {"covered_lines": 0, "num_statements": 16, "percent_covered": 0.0, "percent_covered_display": "0", "missing_lines": 16, "excluded_lines": 0}, "missing_lines": [192, 195, 196, 197, 198, 199, 200, 201, 202, 203, 204, 205, 206, 207, 208, 211], "excluded_lines": []}, "IndigoAgent.spy_choose_letter_bank": {"executed_lines": [], "summary": {"covered_lines": 0, "num_statements": 31, "percent_covered": 0.0, "percent_covered_display": "0", "missing_lines": 31, "excluded_lines": 0}, "missing_lines": [219, 222, 223, 224, 225, 226, 227, 228, 232, 233, 234, 235, 236, 237, 238, 239, 241, 256, 257, 258, 259, 260, 261, 262, 263, 264, 265, 266, 267, 268, 271], "excluded_lines": []}, "IndigoAgent.fool_arrange_secret": {"executed_lines": [], "summary": {"covered_lines": 0, "num_statements": 30, "percent_covered": 0.0, "percent_covered_display": "0", "missing_lines": 30, "excluded_lines": 0}, "missing_lines": [279, 282, 283, 284, 285, 286, 287, 291, 292, 293, 294, 295, 296, 297, 298, 300, 315, 316, 317, 318, 319, 320, 321, 322, 323, 324, 325, 326, 327, 330], "excluded_lines": []}, "IndigoAgent.spy_arrange_surface": {"executed_lines": [], "summary": {"covered_lines": 0, "num_statements": 30, "percent_covered": 0.0, "percent_covered_display": "0", "missing_lines": 30, "excluded_lines": 0}, "missing_lines": [334, 337, 338, 339, 340, 341, 345, 346, 347, 348, 349, 350, 351, 352, 353, 355, 371, 372, 373, 374, 375, 376, 377, 378, 379, 380, 381, 382, 383, 389], "excluded_lines": []}, "IndigoAgent.validate_anagram": {"executed_lines": [], "summary": {"covered_lines": 0, "num_statements": 9, "percent_covered": 0.0, "percent_covered_display": "0", "missing_lines": 9, "excluded_lines": 0}, "missing_lines": [397, 400, 401, 402, 403, 404, 406, 407, 410], "excluded_lines": []}, "IndigoAgent.algorithmic_fallback": {"executed_lines": [], "summary": {"covered_lines": 0, "num_statements": 10, "percent_covered": 0.0, "percent_covered_display": "0", "missing_lines": 10, "excluded_lines": 0}, "missing_lines": [417, 420, 423, 424, 425, 426, 427, 428, 429, 432], "excluded_lines": []}, "IndigoAgent.choose_infranym_method": {"executed_lines": [], "summary": {"covered_lines": 0, "num_statements": 18, "percent_covered": 0.0, "percent_covered_display": "0", "missing_lines": 18, "excluded_lines": 0}, "missing_lines": [439, 442, 444, 445, 446, 447, 450, 456, 457, 458, 459, 460, 461, 462, 463, 464, 465, 468], "excluded_lines": []}, "IndigoAgent.implement_infranym_method": {"executed_lines": [], "summary": {"covered_lines": 0, "num_statements": 51, "percent_covered": 0.0, "percent_covered_display": "0", "missing_lines": 51, "excluded_lines": 0}, "missing_lines": [475, 481, 482, 483, 484, 486, 487, 488, 490, 491, 492, 494, 496, 499, 500, 502, 503, 515, 516, 517, 518, 520, 521, 523, 524, 531, 532, 538, 539, 540, 542, 543, 544, 545, 546, 547, 548, 550, 552, 563, 564, 567, 570, 573, 576, 590, 591, 592, 593, 596, 598], "excluded_lines": []}, "IndigoAgent._has_carrier_image": {"executed_lines": [], "summary": {"covered_lines": 0, "num_statements": 12, "percent_covered": 0.0, "percent_covered_display": "0", "missing_lines": 12, "excluded_lines": 0}, "missing_lines": [607, 610, 611, 612, 613, 614, 615, 616, 617, 618, 619, 620], "excluded_lines": []}, "IndigoAgent._get_carrier_image": {"executed_lines": [], "summary": {"covered_lines": 0, "num_statements": 11, "percent_covered": 0.0, "percent_covered_display": "0", "missing_lines": 11, "excluded_lines": 0}, "missing_lines": [625, 628, 629, 630, 631, 636, 637, 638, 639, 640, 642], "excluded_lines": []}, "IndigoAgent._generate_surface_clue": {"executed_lines": [], "summary": {"covered_lines": 0, "num_statements": 5, "percent_covered": 0.0, "percent_covered_display": "0", "missing_lines": 5, "excluded_lines": 0}, "missing_lines": [646, 658, 659, 660, 661], "excluded_lines": []}, "IndigoAgent._generate_solution_text": {"executed_lines": [], "summary": {"covered_lines": 0, "num_statements": 5, "percent_covered": 0.0, "percent_covered_display": "0", "missing_lines": 5, "excluded_lines": 0}, "missing_lines": [665, 677, 678, 679, 680], "excluded_lines": []}, "IndigoAgent._note_to_midi": {"executed_lines": [], "summary": {"covered_lines": 0, "num_statements": 7, "percent_covered": 0.0, "percent_covered_display": "0", "missing_lines": 7, "excluded_lines": 0}, "missing_lines": [685, 686, 688, 689, 690, 691, 693], "excluded_lines": []}, "IndigoAgent._generate_carrier_melody": {"executed_lines": [], "summary": {"covered_lines": 0, "num_statements": 14, "percent_covered": 0.0, "percent_covered_display": "0", "missing_lines": 14, "excluded_lines": 0}, "missing_lines": [697, 698, 700, 701, 702, 703, 704, 705, 706, 707, 708, 709, 710, 711], "excluded_lines": []}, "IndigoAgent.choose_text_method": {"executed_lines": [], "summary": {"covered_lines": 0, "num_statements": 5, "percent_covered": 0.0, "percent_covered_display": "0", "missing_lines": 5, "excluded_lines": 0}, "missing_lines": [716, 717, 718, 719, 720], "excluded_lines": []}, "IndigoAgent.generate_acrostic_lines": {"executed_lines": [], "summary": {"covered_lines": 0, "num_statements": 16, "percent_covered": 0.0, "percent_covered_display": "0", "missing_lines": 16, "excluded_lines": 0}, "missing_lines": [724, 725, 726, 741, 742, 743, 744, 745, 746, 749, 750, 751, 752, 753, 754, 755], "excluded_lines": []}, "IndigoAgent.generate_riddle_text": {"executed_lines": [], "summary": {"covered_lines": 0, "num_statements": 13, "percent_covered": 0.0, "percent_covered_display": "0", "missing_lines": 13, "excluded_lines": 0}, "missing_lines": [759, 760, 761, 762, 767, 781, 784, 785, 786, 787, 788, 789, 790], "excluded_lines": []}, "IndigoAgent.assemble_text_artifact": {"executed_lines": [], "summary": {"covered_lines": 0, "num_statements": 28, "percent_covered": 0.0, "percent_covered_display": "0", "missing_lines": 28, "excluded_lines": 0}, "missing_lines": [797, 799, 800, 801, 803, 805, 806, 807, 808, 809, 813, 815, 816, 817, 818, 819, 824, 827, 828, 829, 830, 833, 834, 847, 848, 849, 850, 851], "excluded_lines": []}, "IndigoAgent.generate_alternate_song_spec": {"executed_lines": [854, 855, 856, 857, 858, 862, 863, 864, 865, 870, 871, 877], "summary": {"covered_lines": 12, "num_statements": 41, "percent_covered": 29.26829268292683, "percent_covered_display": "29", "missing_lines": 29, "excluded_lines": 0}, "missing_lines": [872, 873, 874, 875, 876, 879, 881, 925, 926, 927, 928, 929, 930, 933, 935, 936, 937, 942, 944, 947, 948, 949, 950, 953, 955, 957, 958, 959, 971], "excluded_lines": []}, "IndigoAgent._should_retry_anagram": {"executed_lines": [], "summary": {"covered_lines": 0, "num_statements": 7, "percent_covered": 0.0, "percent_covered_display": "0", "missing_lines": 7, "excluded_lines": 0}, "missing_lines": [979, 980, 981, 982, 985, 987, 988], "excluded_lines": []}, "IndigoAgent._should_route_to_text_nodes": {"executed_lines": [], "summary": {"covered_lines": 0, "num_statements": 3, "percent_covered": 0.0, "percent_covered_display": "0", "missing_lines": 3, "excluded_lines": 0}, "missing_lines": [993, 994, 995], "excluded_lines": []}, "IndigoAgent._should_generate_text_content": {"executed_lines": [], "summary": {"covered_lines": 0, "num_statements": 6, "percent_covered": 0.0, "percent_covered_display": "0", "missing_lines": 6, "excluded_lines": 0}, "missing_lines": [1004, 1006, 1007, 1008, 1009, 1011], "excluded_lines": []}, "IndigoAgent._is_valid_anagram": {"executed_lines": [], "summary": {"covered_lines": 0, "num_statements": 3, "percent_covered": 0.0, "percent_covered_display": "0", "missing_lines": 3, "excluded_lines": 0}, "missing_lines": [1020, 1021, 1022], "excluded_lines": []}, "IndigoAgent._generate_algorithmic_fallback": {"executed_lines": [], "summary": {"covered_lines": 0, "num_statements": 3, "percent_covered": 0.0, "percent_covered_display": "0", "missing_lines": 3, "excluded_lines": 0}, "missing_lines": [1027, 1028, 1030], "excluded_lines": []}, "_parse_proposal_response": {"executed_lines": [], "summary": {"covered_lines": 0, "num_statements": 26, "percent_covered": 0.0, "percent_covered_display": "0", "missing_lines": 26, "excluded_lines": 0}, "missing_lines": [1043, 1044, 1045, 1046, 1047, 1048, 1057, 1058, 1059, 1060, 1061, 1063, 1064, 1065, 1066, 1067, 1068, 1070, 1071, 1072, 1073, 1076, 1077, 1078, 1080, 1081], "excluded_lines": []}, "": {"executed_lines": [1, 2, 3, 4, 5, 6, 8, 9, 10, 11, 12, 13, 14, 16, 17, 18, 19, 20, 21, 22, 24, 25, 26, 29, 32, 33, 34, 35, 40, 45, 46, 48, 50, 53, 54, 64, 80, 118, 189, 190, 191, 213, 214, 273, 274, 332, 333, 391, 392, 412, 413, 434, 435, 470, 471, 604, 605, 622, 623, 644, 663, 682, 683, 695, 713, 714, 722, 757, 792, 793, 853, 977, 978, 990, 991, 997, 998, 1017, 1018, 1024, 1025, 1041], "summary": {"covered_lines": 81, "num_statements": 81, "percent_covered": 100.0, "percent_covered_display": "100", "missing_lines": 0, "excluded_lines": 0}, "missing_lines": [], "excluded_lines": []}}, "classes": {"IndigoAgent": {"executed_lines": [65, 66, 67, 68, 70, 129, 130, 131, 132, 133, 134, 135, 136, 137, 138, 141, 142, 143, 144, 145, 146, 147, 148, 149, 150, 159, 160, 163, 173, 183, 184, 185, 186, 187, 854, 855, 856, 857, 858, 862, 863, 864, 865, 870, 871, 877], "summary": {"covered_lines": 46, "num_statements": 423, "percent_covered": 10.874704491725769, "percent_covered_display": "11", "missing_lines": 377, "excluded_lines": 0}, "missing_lines": [69, 81, 103, 104, 105, 106, 107, 108, 109, 111, 112, 113, 114, 115, 116, 192, 195, 196, 197, 198, 199, 200, 201, 202, 203, 204, 205, 206, 207, 208, 211, 219, 222, 223, 224, 225, 226, 227, 228, 232, 233, 234, 235, 236, 237, 238, 239, 241, 256, 257, 258, 259, 260, 261, 262, 263, 264, 265, 266, 267, 268, 271, 279, 282, 283, 284, 285, 286, 287, 291, 292, 293, 294, 295, 296, 297, 298, 300, 315, 316, 317, 318, 319, 320, 321, 322, 323, 324, 325, 326, 327, 330, 334, 337, 338, 339, 340, 341, 345, 346, 347, 348, 349, 350, 351, 352, 353, 355, 371, 372, 373, 374, 375, 376, 377, 378, 379, 380, 381, 382, 383, 389, 397, 400, 401, 402, 403, 404, 406, 407, 410, 417, 420, 423, 424, 425, 426, 427, 428, 429, 432, 439, 442, 444, 445, 446, 447, 450, 456, 457, 458, 459, 460, 461, 462, 463, 464, 465, 468, 475, 481, 482, 483, 484, 486, 487, 488, 490, 491, 492, 494, 496, 499, 500, 502, 503, 515, 516, 517, 518, 520, 521, 523, 524, 531, 532, 538, 539, 540, 542, 543, 544, 545, 546, 547, 548, 550, 552, 563, 564, 567, 570, 573, 576, 590, 591, 592, 593, 596, 598, 607, 610, 611, 612, 613, 614, 615, 616, 617, 618, 619, 620, 625, 628, 629, 630, 631, 636, 637, 638, 639, 640, 642, 646, 658, 659, 660, 661, 665, 677, 678, 679, 680, 685, 686, 688, 689, 690, 691, 693, 697, 698, 700, 701, 702, 703, 704, 705, 706, 707, 708, 709, 710, 711, 716, 717, 718, 719, 720, 724, 725, 726, 741, 742, 743, 744, 745, 746, 749, 750, 751, 752, 753, 754, 755, 759, 760, 761, 762, 767, 781, 784, 785, 786, 787, 788, 789, 790, 797, 799, 800, 801, 803, 805, 806, 807, 808, 809, 813, 815, 816, 817, 818, 819, 824, 827, 828, 829, 830, 833, 834, 847, 848, 849, 850, 851, 872, 873, 874, 875, 876, 879, 881, 925, 926, 927, 928, 929, 930, 933, 935, 936, 937, 942, 944, 947, 948, 949, 950, 953, 955, 957, 958, 959, 971, 979, 980, 981, 982, 985, 987, 988, 993, 994, 995, 1004, 1006, 1007, 1008, 1009, 1011, 1020, 1021, 1022, 1027, 1028, 1030], "excluded_lines": []}, "": {"executed_lines": [1, 2, 3, 4, 5, 6, 8, 9, 10, 11, 12, 13, 14, 16, 17, 18, 19, 20, 21, 22, 24, 25, 26, 29, 32, 33, 34, 35, 40, 45, 46, 48, 50, 53, 54, 64, 80, 118, 189, 190, 191, 213, 214, 273, 274, 332, 333, 391, 392, 412, 413, 434, 435, 470, 471, 604, 605, 622, 623, 644, 663, 682, 683, 695, 713, 714, 722, 757, 792, 793, 853, 977, 978, 990, 991, 997, 998, 1017, 1018, 1024, 1025, 1041], "summary": {"covered_lines": 81, "num_statements": 107, "percent_covered": 75.70093457943925, "percent_covered_display": "76", "missing_lines": 26, "excluded_lines": 0}, "missing_lines": [1043, 1044, 1045, 1046, 1047, 1048, 1057, 1058, 1059, 1060, 1061, 1063, 1064, 1065, 1066, 1067, 1068, 1070, 1071, 1072, 1073, 1076, 1077, 1078, 1080, 1081], "excluded_lines": []}}}, "app/agents/orange_agent.py": {"executed_lines": [1, 2, 3, 4, 5, 7, 8, 9, 10, 11, 12, 13, 14, 15, 16, 18, 19, 20, 21, 22, 23, 24, 25, 26, 27, 28, 29, 30, 31, 33, 35, 38, 39, 41, 42, 44, 45, 46, 47, 48, 50, 59, 60, 62, 94, 96, 99, 100, 101, 102, 105, 106, 111, 112, 113, 114, 115, 116, 118, 120, 121, 122, 125, 126, 127, 128, 129, 136, 137, 138, 144, 228, 229, 231, 234, 235, 236, 237, 238, 244, 245, 246, 249, 250, 251, 252, 253, 254, 260, 402, 403, 404, 405, 406, 411, 412, 413, 416, 424, 425, 426, 427, 428, 429, 430, 432, 433, 435, 438, 439, 441, 442, 443, 450, 451, 452, 455, 456, 462, 465, 590, 591, 593, 596, 602, 608, 609, 610, 611, 614, 687, 688, 690, 693, 694, 695, 701, 702, 703, 709, 710, 711, 714, 715, 717, 718, 719, 720, 725, 731, 734, 735, 736, 737, 747, 754, 755, 782, 787, 789, 795, 796, 803, 804, 805, 806, 812, 813, 816], "summary": {"covered_lines": 168, "num_statements": 390, "percent_covered": 43.07692307692308, "percent_covered_display": "43", "missing_lines": 222, "excluded_lines": 0}, "missing_lines": [49, 64, 65, 79, 80, 81, 82, 83, 84, 85, 87, 88, 89, 90, 91, 92, 139, 140, 141, 142, 143, 146, 178, 179, 181, 182, 183, 184, 185, 186, 188, 189, 190, 191, 192, 193, 204, 205, 206, 207, 208, 209, 210, 222, 223, 226, 255, 256, 257, 258, 259, 262, 263, 264, 265, 266, 280, 288, 318, 319, 320, 321, 322, 324, 325, 326, 327, 328, 329, 331, 332, 335, 336, 337, 338, 339, 340, 341, 342, 343, 344, 345, 346, 347, 349, 350, 354, 356, 357, 359, 360, 361, 362, 363, 364, 365, 366, 367, 368, 369, 370, 372, 375, 376, 377, 378, 390, 391, 392, 393, 394, 395, 396, 397, 400, 407, 408, 409, 414, 415, 457, 458, 459, 460, 461, 469, 470, 471, 480, 483, 485, 521, 522, 524, 525, 526, 528, 529, 530, 531, 532, 533, 535, 536, 539, 540, 542, 543, 547, 549, 550, 552, 555, 556, 557, 558, 568, 570, 571, 572, 573, 574, 575, 585, 588, 597, 598, 601, 603, 604, 607, 615, 616, 617, 620, 621, 622, 623, 629, 632, 654, 655, 657, 665, 666, 669, 670, 671, 672, 673, 674, 675, 677, 679, 680, 682, 685, 696, 697, 700, 721, 722, 726, 727, 728, 729, 730, 738, 739, 807, 808, 809, 810, 811, 818, 819, 820, 821, 822, 823, 825, 828], "excluded_lines": [], "functions": {"OrangeAgent.__init__": {"executed_lines": [45, 46, 47, 48, 50, 59, 60], "summary": {"covered_lines": 7, "num_statements": 8, "percent_covered": 87.5, "percent_covered_display": "88", "missing_lines": 1, "excluded_lines": 0}, "missing_lines": [49], "excluded_lines": []}, "OrangeAgent.__call__": {"executed_lines": [], "summary": {"covered_lines": 0, "num_statements": 15, "percent_covered": 0.0, "percent_covered_display": "0", "missing_lines": 15, "excluded_lines": 0}, "missing_lines": [64, 65, 79, 80, 81, 82, 83, 84, 85, 87, 88, 89, 90, 91, 92], "excluded_lines": []}, "OrangeAgent.create_graph": {"executed_lines": [96, 99, 100, 101, 102, 105, 106, 111, 112, 113, 114, 115, 116, 118], "summary": {"covered_lines": 14, "num_statements": 14, "percent_covered": 100.0, "percent_covered_display": "100", "missing_lines": 0, "excluded_lines": 0}, "missing_lines": [], "excluded_lines": []}, "OrangeAgent.generate_alternate_song_spec": {"executed_lines": [122, 125, 126, 127, 128, 129, 136, 137, 138, 144], "summary": {"covered_lines": 10, "num_statements": 40, "percent_covered": 25.0, "percent_covered_display": "25", "missing_lines": 30, "excluded_lines": 0}, "missing_lines": [139, 140, 141, 142, 143, 146, 178, 179, 181, 182, 183, 184, 185, 186, 188, 189, 190, 191, 192, 193, 204, 205, 206, 207, 208, 209, 210, 222, 223, 226], "excluded_lines": []}, "OrangeAgent.synthesize_base_story": {"executed_lines": [231, 234, 235, 236, 237, 238, 244, 245, 246, 249, 250, 251, 252, 253, 254, 260], "summary": {"covered_lines": 16, "num_statements": 85, "percent_covered": 18.823529411764707, "percent_covered_display": "19", "missing_lines": 69, "excluded_lines": 0}, "missing_lines": [255, 256, 257, 258, 259, 262, 263, 264, 265, 266, 280, 288, 318, 319, 320, 321, 322, 324, 325, 326, 327, 328, 329, 331, 332, 335, 336, 337, 338, 339, 340, 341, 342, 343, 344, 345, 346, 347, 349, 350, 354, 356, 357, 359, 360, 361, 362, 363, 364, 365, 366, 367, 368, 369, 370, 372, 375, 376, 377, 378, 390, 391, 392, 393, 394, 395, 396, 397, 400], "excluded_lines": []}, "OrangeAgent.add_to_corpus": {"executed_lines": [404, 405, 406, 411, 412, 413, 416, 424, 425, 426, 427, 428, 429, 430], "summary": {"covered_lines": 14, "num_statements": 19, "percent_covered": 73.6842105263158, "percent_covered_display": "74", "missing_lines": 5, "excluded_lines": 0}, "missing_lines": [407, 408, 409, 414, 415], "excluded_lines": []}, "OrangeAgent.select_symbolic_object": {"executed_lines": [435, 438, 439, 441, 442, 443, 450, 451, 452, 455, 456, 462, 465], "summary": {"covered_lines": 13, "num_statements": 58, "percent_covered": 22.413793103448278, "percent_covered_display": "22", "missing_lines": 45, "excluded_lines": 0}, "missing_lines": [457, 458, 459, 460, 461, 469, 470, 471, 480, 483, 485, 521, 522, 524, 525, 526, 528, 529, 530, 531, 532, 533, 535, 536, 539, 540, 542, 543, 547, 549, 550, 552, 555, 556, 557, 558, 568, 570, 571, 572, 573, 574, 575, 585, 588], "excluded_lines": []}, "OrangeAgent.insert_symbolic_object_node": {"executed_lines": [593, 596, 602, 608, 609, 610, 611, 614], "summary": {"covered_lines": 8, "num_statements": 40, "percent_covered": 20.0, "percent_covered_display": "20", "missing_lines": 32, "excluded_lines": 0}, "missing_lines": [597, 598, 601, 603, 604, 607, 615, 616, 617, 620, 621, 622, 623, 629, 632, 654, 655, 657, 665, 666, 669, 670, 671, 672, 673, 674, 675, 677, 679, 680, 682, 685], "excluded_lines": []}, "OrangeAgent.gonzo_rewrite_node": {"executed_lines": [690, 693, 694, 695, 701, 702, 703, 709, 710, 711, 714, 715, 717, 718, 719, 720, 725, 731, 734, 735, 736, 737, 747, 754, 755, 782, 787, 789, 795, 796, 803, 804, 805, 806, 812, 813, 816], "summary": {"covered_lines": 37, "num_statements": 62, "percent_covered": 59.67741935483871, "percent_covered_display": "60", "missing_lines": 25, "excluded_lines": 0}, "missing_lines": [696, 697, 700, 721, 722, 726, 727, 728, 729, 730, 738, 739, 807, 808, 809, 810, 811, 818, 819, 820, 821, 822, 823, 825, 828], "excluded_lines": []}, "": {"executed_lines": [1, 2, 3, 4, 5, 7, 8, 9, 10, 11, 12, 13, 14, 15, 16, 18, 19, 20, 21, 22, 23, 24, 25, 26, 27, 28, 29, 30, 31, 33, 35, 38, 39, 41, 42, 44, 62, 94, 120, 121, 228, 229, 402, 403, 432, 433, 590, 591, 687, 688], "summary": {"covered_lines": 49, "num_statements": 49, "percent_covered": 100.0, "percent_covered_display": "100", "missing_lines": 0, "excluded_lines": 0}, "missing_lines": [], "excluded_lines": []}}, "classes": {"OrangeAgent": {"executed_lines": [45, 46, 47, 48, 50, 59, 60, 96, 99, 100, 101, 102, 105, 106, 111, 112, 113, 114, 115, 116, 118, 122, 125, 126, 127, 128, 129, 136, 137, 138, 144, 231, 234, 235, 236, 237, 238, 244, 245, 246, 249, 250, 251, 252, 253, 254, 260, 404, 405, 406, 411, 412, 413, 416, 424, 425, 426, 427, 428, 429, 430, 435, 438, 439, 441, 442, 443, 450, 451, 452, 455, 456, 462, 465, 593, 596, 602, 608, 609, 610, 611, 614, 690, 693, 694, 695, 701, 702, 703, 709, 710, 711, 714, 715, 717, 718, 719, 720, 725, 731, 734, 735, 736, 737, 747, 754, 755, 782, 787, 789, 795, 796, 803, 804, 805, 806, 812, 813, 816], "summary": {"covered_lines": 119, "num_statements": 341, "percent_covered": 34.89736070381232, "percent_covered_display": "35", "missing_lines": 222, "excluded_lines": 0}, "missing_lines": [49, 64, 65, 79, 80, 81, 82, 83, 84, 85, 87, 88, 89, 90, 91, 92, 139, 140, 141, 142, 143, 146, 178, 179, 181, 182, 183, 184, 185, 186, 188, 189, 190, 191, 192, 193, 204, 205, 206, 207, 208, 209, 210, 222, 223, 226, 255, 256, 257, 258, 259, 262, 263, 264, 265, 266, 280, 288, 318, 319, 320, 321, 322, 324, 325, 326, 327, 328, 329, 331, 332, 335, 336, 337, 338, 339, 340, 341, 342, 343, 344, 345, 346, 347, 349, 350, 354, 356, 357, 359, 360, 361, 362, 363, 364, 365, 366, 367, 368, 369, 370, 372, 375, 376, 377, 378, 390, 391, 392, 393, 394, 395, 396, 397, 400, 407, 408, 409, 414, 415, 457, 458, 459, 460, 461, 469, 470, 471, 480, 483, 485, 521, 522, 524, 525, 526, 528, 529, 530, 531, 532, 533, 535, 536, 539, 540, 542, 543, 547, 549, 550, 552, 555, 556, 557, 558, 568, 570, 571, 572, 573, 574, 575, 585, 588, 597, 598, 601, 603, 604, 607, 615, 616, 617, 620, 621, 622, 623, 629, 632, 654, 655, 657, 665, 666, 669, 670, 671, 672, 673, 674, 675, 677, 679, 680, 682, 685, 696, 697, 700, 721, 722, 726, 727, 728, 729, 730, 738, 739, 807, 808, 809, 810, 811, 818, 819, 820, 821, 822, 823, 825, 828], "excluded_lines": []}, "": {"executed_lines": [1, 2, 3, 4, 5, 7, 8, 9, 10, 11, 12, 13, 14, 15, 16, 18, 19, 20, 21, 22, 23, 24, 25, 26, 27, 28, 29, 30, 31, 33, 35, 38, 39, 41, 42, 44, 62, 94, 120, 121, 228, 229, 402, 403, 432, 433, 590, 591, 687, 688], "summary": {"covered_lines": 49, "num_statements": 49, "percent_covered": 100.0, "percent_covered_display": "100", "missing_lines": 0, "excluded_lines": 0}, "missing_lines": [], "excluded_lines": []}}}, "app/agents/prompts/__init__.py": {"executed_lines": [0], "summary": {"covered_lines": 0, "num_statements": 0, "percent_covered": 100.0, "percent_covered_display": "100", "missing_lines": 0, "excluded_lines": 0}, "missing_lines": [], "excluded_lines": [], "functions": {"": {"executed_lines": [], "summary": {"covered_lines": 0, "num_statements": 0, "percent_covered": 100.0, "percent_covered_display": "100", "missing_lines": 0, "excluded_lines": 0}, "missing_lines": [], "excluded_lines": []}}, "classes": {"": {"executed_lines": [], "summary": {"covered_lines": 0, "num_statements": 0, "percent_covered": 100.0, "percent_covered_display": "100", "missing_lines": 0, "excluded_lines": 0}, "missing_lines": [], "excluded_lines": []}}}, "app/agents/prompts/white_facet_prompts.py": {"executed_lines": [1, 3, 5], "summary": {"covered_lines": 3, "num_statements": 3, "percent_covered": 100.0, "percent_covered_display": "100", "missing_lines": 0, "excluded_lines": 0}, "missing_lines": [], "excluded_lines": [], "functions": {"": {"executed_lines": [1, 3, 5], "summary": {"covered_lines": 3, "num_statements": 3, "percent_covered": 100.0, "percent_covered_display": "100", "missing_lines": 0, "excluded_lines": 0}, "missing_lines": [], "excluded_lines": []}}, "classes": {"": {"executed_lines": [1, 3, 5], "summary": {"covered_lines": 3, "num_statements": 3, "percent_covered": 100.0, "percent_covered_display": "100", "missing_lines": 0, "excluded_lines": 0}, "missing_lines": [], "excluded_lines": []}}}, "app/agents/red_agent.py": {"executed_lines": [1, 2, 3, 4, 6, 7, 8, 9, 10, 12, 13, 14, 15, 16, 17, 18, 19, 20, 21, 22, 23, 25, 26, 28, 31, 32, 34, 35, 36, 37, 38, 40, 50, 79, 80, 90, 101, 102, 103, 106, 109, 110, 113, 114, 115, 116, 119, 122, 131, 133, 134, 135, 141, 142, 143, 144, 145, 149, 150, 151, 213, 219, 221, 222, 326, 327, 437, 438, 510, 511, 528, 529, 601, 602, 603], "summary": {"covered_lines": 74, "num_statements": 357, "percent_covered": 20.72829131652661, "percent_covered_display": "21", "missing_lines": 283, "excluded_lines": 0}, "missing_lines": [39, 53, 54, 64, 65, 66, 67, 68, 69, 70, 72, 73, 74, 75, 76, 77, 82, 83, 84, 85, 86, 87, 88, 152, 153, 154, 155, 156, 158, 159, 179, 180, 181, 182, 183, 184, 185, 186, 187, 188, 189, 190, 191, 192, 193, 194, 197, 198, 200, 201, 212, 223, 226, 227, 228, 229, 230, 234, 235, 238, 239, 240, 241, 242, 243, 244, 247, 248, 249, 250, 251, 252, 253, 255, 256, 276, 277, 278, 279, 280, 281, 282, 283, 284, 285, 287, 288, 289, 291, 292, 293, 294, 295, 297, 298, 299, 300, 301, 303, 304, 305, 308, 309, 310, 311, 312, 313, 314, 315, 316, 317, 318, 319, 320, 321, 322, 323, 324, 328, 331, 332, 333, 334, 335, 339, 340, 341, 342, 343, 344, 345, 347, 348, 349, 350, 351, 352, 353, 354, 357, 358, 359, 360, 361, 362, 363, 364, 365, 366, 367, 369, 394, 395, 396, 397, 398, 399, 400, 401, 403, 404, 405, 406, 407, 408, 409, 412, 413, 414, 415, 416, 418, 419, 422, 423, 424, 425, 426, 427, 428, 429, 430, 433, 434, 435, 439, 445, 446, 447, 448, 449, 453, 454, 458, 459, 460, 461, 462, 463, 464, 465, 466, 468, 485, 486, 487, 488, 489, 490, 491, 495, 496, 497, 498, 499, 500, 501, 502, 503, 506, 507, 508, 512, 513, 514, 515, 516, 517, 518, 519, 520, 521, 522, 523, 524, 525, 526, 530, 536, 537, 540, 541, 542, 543, 544, 545, 546, 547, 548, 549, 550, 551, 552, 554, 555, 572, 573, 574, 575, 576, 577, 578, 581, 582, 583, 585, 586, 587, 589, 590, 591, 592, 593, 599, 604, 610, 611, 617, 618, 619, 625, 627, 633], "excluded_lines": [], "functions": {"RedAgent.__init__": {"executed_lines": [35, 36, 37, 38, 40], "summary": {"covered_lines": 5, "num_statements": 6, "percent_covered": 83.33333333333333, "percent_covered_display": "83", "missing_lines": 1, "excluded_lines": 0}, "missing_lines": [39], "excluded_lines": []}, "RedAgent.__call__": {"executed_lines": [], "summary": {"covered_lines": 0, "num_statements": 15, "percent_covered": 0.0, "percent_covered_display": "0", "missing_lines": 15, "excluded_lines": 0}, "missing_lines": [53, 54, 64, 65, 66, 67, 68, 69, 70, 72, 73, 74, 75, 76, 77], "excluded_lines": []}, "RedAgent._ensure_dict": {"executed_lines": [], "summary": {"covered_lines": 0, "num_statements": 7, "percent_covered": 0.0, "percent_covered_display": "0", "missing_lines": 7, "excluded_lines": 0}, "missing_lines": [82, 83, 84, 85, 86, 87, 88], "excluded_lines": []}, "RedAgent.create_graph": {"executed_lines": [101, 102, 103, 106, 109, 110, 113, 114, 115, 116, 119, 122, 131], "summary": {"covered_lines": 13, "num_statements": 13, "percent_covered": 100.0, "percent_covered_display": "100", "missing_lines": 0, "excluded_lines": 0}, "missing_lines": [], "excluded_lines": []}, "RedAgent.generate_alternate_song_spec": {"executed_lines": [135, 141, 142, 143, 144, 145, 149, 150, 151, 213, 219], "summary": {"covered_lines": 11, "num_statements": 39, "percent_covered": 28.205128205128204, "percent_covered_display": "28", "missing_lines": 28, "excluded_lines": 0}, "missing_lines": [152, 153, 154, 155, 156, 158, 159, 179, 180, 181, 182, 183, 184, 185, 186, 187, 188, 189, 190, 191, 192, 193, 194, 197, 198, 200, 201, 212], "excluded_lines": []}, "RedAgent.generate_book": {"executed_lines": [], "summary": {"covered_lines": 0, "num_statements": 67, "percent_covered": 0.0, "percent_covered_display": "0", "missing_lines": 67, "excluded_lines": 0}, "missing_lines": [223, 226, 227, 228, 229, 230, 234, 235, 238, 239, 240, 241, 242, 243, 244, 247, 248, 249, 250, 251, 252, 253, 255, 256, 276, 277, 278, 279, 280, 281, 282, 283, 284, 285, 287, 288, 289, 291, 292, 293, 294, 295, 297, 298, 299, 300, 301, 303, 304, 305, 308, 309, 310, 311, 312, 313, 314, 315, 316, 317, 318, 319, 320, 321, 322, 323, 324], "excluded_lines": []}, "RedAgent.generate_reaction_book": {"executed_lines": [], "summary": {"covered_lines": 0, "num_statements": 67, "percent_covered": 0.0, "percent_covered_display": "0", "missing_lines": 67, "excluded_lines": 0}, "missing_lines": [328, 331, 332, 333, 334, 335, 339, 340, 341, 342, 343, 344, 345, 347, 348, 349, 350, 351, 352, 353, 354, 357, 358, 359, 360, 361, 362, 363, 364, 365, 366, 367, 369, 394, 395, 396, 397, 398, 399, 400, 401, 403, 404, 405, 406, 407, 408, 409, 412, 413, 414, 415, 416, 418, 419, 422, 423, 424, 425, 426, 427, 428, 429, 430, 433, 434, 435], "excluded_lines": []}, "RedAgent.write_reaction_book_pages": {"executed_lines": [], "summary": {"covered_lines": 0, "num_statements": 37, "percent_covered": 0.0, "percent_covered_display": "0", "missing_lines": 37, "excluded_lines": 0}, "missing_lines": [439, 445, 446, 447, 448, 449, 453, 454, 458, 459, 460, 461, 462, 463, 464, 465, 466, 468, 485, 486, 487, 488, 489, 490, 491, 495, 496, 497, 498, 499, 500, 501, 502, 503, 506, 507, 508], "excluded_lines": []}, "RedAgent._format_books_for_prompt": {"executed_lines": [], "summary": {"covered_lines": 0, "num_statements": 15, "percent_covered": 0.0, "percent_covered_display": "0", "missing_lines": 15, "excluded_lines": 0}, "missing_lines": [512, 513, 514, 515, 516, 517, 518, 519, 520, 521, 522, 523, 524, 525, 526], "excluded_lines": []}, "RedAgent.evaluate_books_versus_proposals": {"executed_lines": [], "summary": {"covered_lines": 0, "num_statements": 37, "percent_covered": 0.0, "percent_covered_display": "0", "missing_lines": 37, "excluded_lines": 0}, "missing_lines": [530, 536, 537, 540, 541, 542, 543, 544, 545, 546, 547, 548, 549, 550, 551, 552, 554, 555, 572, 573, 574, 575, 576, 577, 578, 581, 582, 583, 585, 586, 587, 589, 590, 591, 592, 593, 599], "excluded_lines": []}, "RedAgent.route_after_evaluate_books_versus_proposals": {"executed_lines": [], "summary": {"covered_lines": 0, "num_statements": 9, "percent_covered": 0.0, "percent_covered_display": "0", "missing_lines": 9, "excluded_lines": 0}, "missing_lines": [604, 610, 611, 617, 618, 619, 625, 627, 633], "excluded_lines": []}, "": {"executed_lines": [1, 2, 3, 4, 6, 7, 8, 9, 10, 12, 13, 14, 15, 16, 17, 18, 19, 20, 21, 22, 23, 25, 26, 28, 31, 32, 34, 50, 79, 80, 90, 133, 134, 221, 222, 326, 327, 437, 438, 510, 511, 528, 529, 601, 602, 603], "summary": {"covered_lines": 45, "num_statements": 45, "percent_covered": 100.0, "percent_covered_display": "100", "missing_lines": 0, "excluded_lines": 0}, "missing_lines": [], "excluded_lines": []}}, "classes": {"RedAgent": {"executed_lines": [35, 36, 37, 38, 40, 101, 102, 103, 106, 109, 110, 113, 114, 115, 116, 119, 122, 131, 135, 141, 142, 143, 144, 145, 149, 150, 151, 213, 219], "summary": {"covered_lines": 29, "num_statements": 312, "percent_covered": 9.294871794871796, "percent_covered_display": "9", "missing_lines": 283, "excluded_lines": 0}, "missing_lines": [39, 53, 54, 64, 65, 66, 67, 68, 69, 70, 72, 73, 74, 75, 76, 77, 82, 83, 84, 85, 86, 87, 88, 152, 153, 154, 155, 156, 158, 159, 179, 180, 181, 182, 183, 184, 185, 186, 187, 188, 189, 190, 191, 192, 193, 194, 197, 198, 200, 201, 212, 223, 226, 227, 228, 229, 230, 234, 235, 238, 239, 240, 241, 242, 243, 244, 247, 248, 249, 250, 251, 252, 253, 255, 256, 276, 277, 278, 279, 280, 281, 282, 283, 284, 285, 287, 288, 289, 291, 292, 293, 294, 295, 297, 298, 299, 300, 301, 303, 304, 305, 308, 309, 310, 311, 312, 313, 314, 315, 316, 317, 318, 319, 320, 321, 322, 323, 324, 328, 331, 332, 333, 334, 335, 339, 340, 341, 342, 343, 344, 345, 347, 348, 349, 350, 351, 352, 353, 354, 357, 358, 359, 360, 361, 362, 363, 364, 365, 366, 367, 369, 394, 395, 396, 397, 398, 399, 400, 401, 403, 404, 405, 406, 407, 408, 409, 412, 413, 414, 415, 416, 418, 419, 422, 423, 424, 425, 426, 427, 428, 429, 430, 433, 434, 435, 439, 445, 446, 447, 448, 449, 453, 454, 458, 459, 460, 461, 462, 463, 464, 465, 466, 468, 485, 486, 487, 488, 489, 490, 491, 495, 496, 497, 498, 499, 500, 501, 502, 503, 506, 507, 508, 512, 513, 514, 515, 516, 517, 518, 519, 520, 521, 522, 523, 524, 525, 526, 530, 536, 537, 540, 541, 542, 543, 544, 545, 546, 547, 548, 549, 550, 551, 552, 554, 555, 572, 573, 574, 575, 576, 577, 578, 581, 582, 583, 585, 586, 587, 589, 590, 591, 592, 593, 599, 604, 610, 611, 617, 618, 619, 625, 627, 633], "excluded_lines": []}, "": {"executed_lines": [1, 2, 3, 4, 6, 7, 8, 9, 10, 12, 13, 14, 15, 16, 17, 18, 19, 20, 21, 22, 23, 25, 26, 28, 31, 32, 34, 50, 79, 80, 90, 133, 134, 221, 222, 326, 327, 437, 438, 510, 511, 528, 529, 601, 602, 603], "summary": {"covered_lines": 45, "num_statements": 45, "percent_covered": 100.0, "percent_covered_display": "100", "missing_lines": 0, "excluded_lines": 0}, "missing_lines": [], "excluded_lines": []}}}, "app/agents/states/__init__.py": {"executed_lines": [0], "summary": {"covered_lines": 0, "num_statements": 0, "percent_covered": 100.0, "percent_covered_display": "100", "missing_lines": 0, "excluded_lines": 0}, "missing_lines": [], "excluded_lines": [], "functions": {"": {"executed_lines": [], "summary": {"covered_lines": 0, "num_statements": 0, "percent_covered": 100.0, "percent_covered_display": "100", "missing_lines": 0, "excluded_lines": 0}, "missing_lines": [], "excluded_lines": []}}, "classes": {"": {"executed_lines": [], "summary": {"covered_lines": 0, "num_statements": 0, "percent_covered": 100.0, "percent_covered_display": "100", "missing_lines": 0, "excluded_lines": 0}, "missing_lines": [], "excluded_lines": []}}}, "app/agents/states/black_agent_state.py": {"executed_lines": [1, 2, 5, 6, 16, 20, 21], "summary": {"covered_lines": 6, "num_statements": 6, "percent_covered": 100.0, "percent_covered_display": "100", "missing_lines": 0, "excluded_lines": 0}, "missing_lines": [], "excluded_lines": [], "functions": {"BlackAgentState.__init__": {"executed_lines": [21], "summary": {"covered_lines": 1, "num_statements": 1, "percent_covered": 100.0, "percent_covered_display": "100", "missing_lines": 0, "excluded_lines": 0}, "missing_lines": [], "excluded_lines": []}, "": {"executed_lines": [1, 2, 5, 6, 16, 20], "summary": {"covered_lines": 5, "num_statements": 5, "percent_covered": 100.0, "percent_covered_display": "100", "missing_lines": 0, "excluded_lines": 0}, "missing_lines": [], "excluded_lines": []}}, "classes": {"BlackAgentState": {"executed_lines": [21], "summary": {"covered_lines": 1, "num_statements": 1, "percent_covered": 100.0, "percent_covered_display": "100", "missing_lines": 0, "excluded_lines": 0}, "missing_lines": [], "excluded_lines": []}, "": {"executed_lines": [1, 2, 5, 6, 16, 20], "summary": {"covered_lines": 5, "num_statements": 5, "percent_covered": 100.0, "percent_covered_display": "100", "missing_lines": 0, "excluded_lines": 0}, "missing_lines": [], "excluded_lines": []}}}, "app/agents/states/blue_agent_state.py": {"executed_lines": [1, 2, 4, 5, 8, 9, 10, 13, 16, 21, 39, 40, 43, 46, 49, 52, 55, 58, 61, 64, 65, 66, 71, 72], "summary": {"covered_lines": 24, "num_statements": 31, "percent_covered": 77.41935483870968, "percent_covered_display": "77", "missing_lines": 7, "excluded_lines": 0}, "missing_lines": [26, 27, 28, 29, 31, 32, 36], "excluded_lines": [], "functions": {"dedupe_periods": {"executed_lines": [], "summary": {"covered_lines": 0, "num_statements": 7, "percent_covered": 0.0, "percent_covered_display": "0", "missing_lines": 7, "excluded_lines": 0}, "missing_lines": [26, 27, 28, 29, 31, 32, 36], "excluded_lines": []}, "BlueAgentState.__init__": {"executed_lines": [72], "summary": {"covered_lines": 1, "num_statements": 1, "percent_covered": 100.0, "percent_covered_display": "100", "missing_lines": 0, "excluded_lines": 0}, "missing_lines": [], "excluded_lines": []}, "": {"executed_lines": [1, 2, 4, 5, 8, 9, 10, 13, 16, 21, 39, 40, 43, 46, 49, 52, 55, 58, 61, 64, 65, 66, 71], "summary": {"covered_lines": 23, "num_statements": 23, "percent_covered": 100.0, "percent_covered_display": "100", "missing_lines": 0, "excluded_lines": 0}, "missing_lines": [], "excluded_lines": []}}, "classes": {"BlueAgentState": {"executed_lines": [72], "summary": {"covered_lines": 1, "num_statements": 1, "percent_covered": 100.0, "percent_covered_display": "100", "missing_lines": 0, "excluded_lines": 0}, "missing_lines": [], "excluded_lines": []}, "": {"executed_lines": [1, 2, 4, 5, 8, 9, 10, 13, 16, 21, 39, 40, 43, 46, 49, 52, 55, 58, 61, 64, 65, 66, 71], "summary": {"covered_lines": 23, "num_statements": 30, "percent_covered": 76.66666666666667, "percent_covered_display": "77", "missing_lines": 7, "excluded_lines": 0}, "missing_lines": [26, 27, 28, 29, 31, 32, 36], "excluded_lines": []}}}, "app/agents/states/green_agent_state.py": {"executed_lines": [1, 3, 5, 6, 7, 8, 11, 12, 15, 20, 22, 28, 31, 37, 43, 49, 56, 57], "summary": {"covered_lines": 18, "num_statements": 18, "percent_covered": 100.0, "percent_covered_display": "100", "missing_lines": 0, "excluded_lines": 0}, "missing_lines": [], "excluded_lines": [], "functions": {"GreenAgentState.__init__": {"executed_lines": [57], "summary": {"covered_lines": 1, "num_statements": 1, "percent_covered": 100.0, "percent_covered_display": "100", "missing_lines": 0, "excluded_lines": 0}, "missing_lines": [], "excluded_lines": []}, "": {"executed_lines": [1, 3, 5, 6, 7, 8, 11, 12, 15, 20, 22, 28, 31, 37, 43, 49, 56], "summary": {"covered_lines": 17, "num_statements": 17, "percent_covered": 100.0, "percent_covered_display": "100", "missing_lines": 0, "excluded_lines": 0}, "missing_lines": [], "excluded_lines": []}}, "classes": {"GreenAgentState": {"executed_lines": [57], "summary": {"covered_lines": 1, "num_statements": 1, "percent_covered": 100.0, "percent_covered_display": "100", "missing_lines": 0, "excluded_lines": 0}, "missing_lines": [], "excluded_lines": []}, "": {"executed_lines": [1, 3, 5, 6, 7, 8, 11, 12, 15, 20, 22, 28, 31, 37, 43, 49, 56], "summary": {"covered_lines": 17, "num_statements": 17, "percent_covered": 100.0, "percent_covered_display": "100", "missing_lines": 0, "excluded_lines": 0}, "missing_lines": [], "excluded_lines": []}}}, "app/agents/states/indigo_agent_state.py": {"executed_lines": [1, 2, 3, 5, 6, 7, 10, 13, 14, 15, 16, 17, 20, 22, 23, 26, 29, 34, 37, 40, 43, 46, 49, 52, 55, 59, 63, 66, 72, 75, 78, 81, 84, 88, 89], "summary": {"covered_lines": 35, "num_statements": 35, "percent_covered": 100.0, "percent_covered_display": "100", "missing_lines": 0, "excluded_lines": 0}, "missing_lines": [], "excluded_lines": [], "functions": {"IndigoAgentState.__init__": {"executed_lines": [89], "summary": {"covered_lines": 1, "num_statements": 1, "percent_covered": 100.0, "percent_covered_display": "100", "missing_lines": 0, "excluded_lines": 0}, "missing_lines": [], "excluded_lines": []}, "": {"executed_lines": [1, 2, 3, 5, 6, 7, 10, 13, 14, 15, 16, 17, 20, 22, 23, 26, 29, 34, 37, 40, 43, 46, 49, 52, 55, 59, 63, 66, 72, 75, 78, 81, 84, 88], "summary": {"covered_lines": 34, "num_statements": 34, "percent_covered": 100.0, "percent_covered_display": "100", "missing_lines": 0, "excluded_lines": 0}, "missing_lines": [], "excluded_lines": []}}, "classes": {"IndigoAgentState": {"executed_lines": [89], "summary": {"covered_lines": 1, "num_statements": 1, "percent_covered": 100.0, "percent_covered_display": "100", "missing_lines": 0, "excluded_lines": 0}, "missing_lines": [], "excluded_lines": []}, "": {"executed_lines": [1, 2, 3, 5, 6, 7, 10, 13, 14, 15, 16, 17, 20, 22, 23, 26, 29, 34, 37, 40, 43, 46, 49, 52, 55, 59, 63, 66, 72, 75, 78, 81, 84, 88], "summary": {"covered_lines": 34, "num_statements": 34, "percent_covered": 100.0, "percent_covered_display": "100", "missing_lines": 0, "excluded_lines": 0}, "missing_lines": [], "excluded_lines": []}}}, "app/agents/states/orange_agent_state.py": {"executed_lines": [1, 3, 5, 6, 7, 8, 11, 13, 16, 19, 22, 25, 28, 32, 35, 42, 43], "summary": {"covered_lines": 17, "num_statements": 17, "percent_covered": 100.0, "percent_covered_display": "100", "missing_lines": 0, "excluded_lines": 0}, "missing_lines": [], "excluded_lines": [], "functions": {"OrangeAgentState.__init__": {"executed_lines": [43], "summary": {"covered_lines": 1, "num_statements": 1, "percent_covered": 100.0, "percent_covered_display": "100", "missing_lines": 0, "excluded_lines": 0}, "missing_lines": [], "excluded_lines": []}, "": {"executed_lines": [1, 3, 5, 6, 7, 8, 11, 13, 16, 19, 22, 25, 28, 32, 35, 42], "summary": {"covered_lines": 16, "num_statements": 16, "percent_covered": 100.0, "percent_covered_display": "100", "missing_lines": 0, "excluded_lines": 0}, "missing_lines": [], "excluded_lines": []}}, "classes": {"OrangeAgentState": {"executed_lines": [43], "summary": {"covered_lines": 1, "num_statements": 1, "percent_covered": 100.0, "percent_covered_display": "100", "missing_lines": 0, "excluded_lines": 0}, "missing_lines": [], "excluded_lines": []}, "": {"executed_lines": [1, 3, 5, 6, 7, 8, 11, 13, 16, 19, 22, 25, 28, 32, 35, 42], "summary": {"covered_lines": 16, "num_statements": 16, "percent_covered": 100.0, "percent_covered_display": "100", "missing_lines": 0, "excluded_lines": 0}, "missing_lines": [], "excluded_lines": []}}}, "app/agents/states/red_agent_state.py": {"executed_lines": [1, 2, 3, 6, 8, 9, 10, 13, 14, 16, 17], "summary": {"covered_lines": 11, "num_statements": 11, "percent_covered": 100.0, "percent_covered_display": "100", "missing_lines": 0, "excluded_lines": 0}, "missing_lines": [], "excluded_lines": [], "functions": {"RedAgentState.__init__": {"executed_lines": [17], "summary": {"covered_lines": 1, "num_statements": 1, "percent_covered": 100.0, "percent_covered_display": "100", "missing_lines": 0, "excluded_lines": 0}, "missing_lines": [], "excluded_lines": []}, "": {"executed_lines": [1, 2, 3, 6, 8, 9, 10,
[...]
94, 595, 596, 597, 603, 604, 605, 606, 607, 608, 609, 611, 614, 621, 669], "summary": {"covered_lines": 263, "num_statements": 293, "percent_covered": 89.76109215017065, "percent_covered_display": "90", "missing_lines": 30, "excluded_lines": 0}, "missing_lines": [158, 159, 203, 204, 205, 353, 358, 366, 442, 476, 486, 492, 512, 513, 599, 612, 622, 625, 631, 637, 640, 645, 646, 648, 650, 655, 656, 658, 666, 670], "excluded_lines": [], "functions": {"is_uuid": {"executed_lines": [55, 56, 57, 58, 59], "summary": {"covered_lines": 5, "num_statements": 5, "percent_covered": 100.0, "percent_covered_display": "100", "missing_lines": 0, "excluded_lines": 0}, "missing_lines": [], "excluded_lines": []}, "slugify": {"executed_lines": [64, 65, 66, 67, 68, 69], "summary": {"covered_lines": 6, "num_statements": 6, "percent_covered": 100.0, "percent_covered_display": "100", "missing_lines": 0, "excluded_lines": 0}, "missing_lines": [], "excluded_lines": []}, "clean_filename": {"executed_lines": [101, 102, 103, 105, 106, 107, 109, 110, 111, 113, 114, 115, 117], "summary": {"covered_lines": 13, "num_statements": 13, "percent_covered": 100.0, "percent_covered_display": "100", "missing_lines": 0, "excluded_lines": 0}, "missing_lines": [], "excluded_lines": []}, "resolve_collision": {"executed_lines": [122, 123, 124, 125, 126, 127, 128, 129, 130, 131], "summary": {"covered_lines": 10, "num_statements": 10, "percent_covered": 100.0, "percent_covered_display": "100", "missing_lines": 0, "excluded_lines": 0}, "missing_lines": [], "excluded_lines": []}, "rewrite_file_name_field": {"executed_lines": [141, 142, 143, 144, 146, 147, 148, 149, 150, 151, 153, 155, 156, 157], "summary": {"covered_lines": 14, "num_statements": 16, "percent_covered": 87.5, "percent_covered_display": "88", "missing_lines": 2, "excluded_lines": 0}, "missing_lines": [158, 159], "excluded_lines": []}, "is_debug_file": {"executed_lines": [167, 168, 169, 170], "summary": {"covered_lines": 4, "num_statements": 4, "percent_covered": 100.0, "percent_covered_display": "100", "missing_lines": 0, "excluded_lines": 0}, "missing_lines": [], "excluded_lines": []}, "is_evp_intermediate": {"executed_lines": [178, 179, 180, 181], "summary": {"covered_lines": 4, "num_statements": 4, "percent_covered": 100.0, "percent_covered_display": "100", "missing_lines": 0, "excluded_lines": 0}, "missing_lines": [], "excluded_lines": []}, "parse_thread": {"executed_lines": [190, 193, 194, 195, 196, 198, 200, 201, 202, 207, 208, 209, 210, 213, 215, 216, 218], "summary": {"covered_lines": 17, "num_statements": 20, "percent_covered": 85.0, "percent_covered_display": "85", "missing_lines": 3, "excluded_lines": 0}, "missing_lines": [203, 204, 205], "excluded_lines": []}, "find_debug_files": {"executed_lines": [241, 242, 243, 244, 245], "summary": {"covered_lines": 5, "num_statements": 5, "percent_covered": 100.0, "percent_covered_display": "100", "missing_lines": 0, "excluded_lines": 0}, "missing_lines": [], "excluded_lines": []}, "generate_directory_name": {"executed_lines": [250, 251, 252, 255, 256, 257, 258, 259, 261], "summary": {"covered_lines": 9, "num_statements": 9, "percent_covered": 100.0, "percent_covered_display": "100", "missing_lines": 0, "excluded_lines": 0}, "missing_lines": [], "excluded_lines": []}, "write_manifest": {"executed_lines": [266, 268, 284, 285, 287], "summary": {"covered_lines": 5, "num_statements": 5, "percent_covered": 100.0, "percent_covered_display": "100", "missing_lines": 0, "excluded_lines": 0}, "missing_lines": [], "excluded_lines": []}, "write_index": {"executed_lines": [292, 294, 295, 296, 310, 312, 317, 318, 320], "summary": {"covered_lines": 9, "num_statements": 9, "percent_covered": 100.0, "percent_covered_display": "100", "missing_lines": 0, "excluded_lines": 0}, "missing_lines": [], "excluded_lines": []}, "copy_thread_files": {"executed_lines": [343, 344, 345, 347, 349, 351, 352, 357, 360, 361, 362, 364, 365, 367, 368, 370, 371, 372, 374, 375, 376, 377, 378, 379, 380, 382, 383, 386, 387, 388, 390, 391, 392, 394, 395, 396, 397, 399], "summary": {"covered_lines": 38, "num_statements": 41, "percent_covered": 92.6829268292683, "percent_covered_display": "93", "missing_lines": 3, "excluded_lines": 0}, "missing_lines": [353, 358, 366], "excluded_lines": []}, "shrinkwrap_thread": {"executed_lines": [418, 421, 422, 423, 425, 426, 427, 429, 430, 431, 433, 434, 435, 436, 437, 440, 441, 445, 446, 449, 450, 453, 454, 461, 463, 464], "summary": {"covered_lines": 26, "num_statements": 27, "percent_covered": 96.29629629629629, "percent_covered_display": "96", "missing_lines": 1, "excluded_lines": 0}, "missing_lines": [442], "excluded_lines": []}, "load_orphaned_manifests": {"executed_lines": [474, 475, 478, 479, 480, 481, 482, 484, 485, 488, 489, 490, 491, 494, 510, 511, 515], "summary": {"covered_lines": 17, "num_statements": 22, "percent_covered": 77.27272727272727, "percent_covered_display": "77", "missing_lines": 5, "excluded_lines": 0}, "missing_lines": [476, 486, 492, 512, 513], "excluded_lines": []}, "shrinkwrap": {"executed_lines": [537, 538, 539, 541, 542, 545, 546, 547, 549, 550, 551, 553, 554, 555, 556, 557, 558, 559, 560, 563, 564, 565, 566, 567, 570, 571, 572, 574, 582, 583, 584, 586, 590, 593, 594, 595, 596, 597, 603, 604, 605, 606, 607, 608, 609, 611, 614], "summary": {"covered_lines": 47, "num_statements": 49, "percent_covered": 95.91836734693878, "percent_covered_display": "96", "missing_lines": 2, "excluded_lines": 0}, "missing_lines": [599, 612], "excluded_lines": []}, "main": {"executed_lines": [], "summary": {"covered_lines": 0, "num_statements": 13, "percent_covered": 0.0, "percent_covered_display": "0", "missing_lines": 13, "excluded_lines": 0}, "missing_lines": [622, 625, 631, 637, 640, 645, 646, 648, 650, 655, 656, 658, 666], "excluded_lines": []}, "": {"executed_lines": [1, 16, 17, 18, 19, 20, 21, 23, 24, 26, 31, 34, 47, 53, 62, 73, 77, 81, 85, 91, 120, 134, 162, 173, 184, 235, 248, 264, 290, 323, 406, 467, 518, 621, 669], "summary": {"covered_lines": 34, "num_statements": 35, "percent_covered": 97.14285714285714, "percent_covered_display": "97", "missing_lines": 1, "excluded_lines": 0}, "missing_lines": [670], "excluded_lines": []}}, "classes": {"": {"executed_lines": [1, 16, 17, 18, 19, 20, 21, 23, 24, 26, 31, 34, 47, 53, 55, 56, 57, 58, 59, 62, 64, 65, 66, 67, 68, 69, 73, 77, 81, 85, 91, 101, 102, 103, 105, 106, 107, 109, 110, 111, 113, 114, 115, 117, 120, 122, 123, 124, 125, 126, 127, 128, 129, 130, 131, 134, 141, 142, 143, 144, 146, 147, 148, 149, 150, 151, 153, 155, 156, 157, 162, 167, 168, 169, 170, 173, 178, 179, 180, 181, 184, 190, 193, 194, 195, 196, 198, 200, 201, 202, 207, 208, 209, 210, 213, 215, 216, 218, 235, 241, 242, 243, 244, 245, 248, 250, 251, 252, 255, 256, 257, 258, 259, 261, 264, 266, 268, 284, 285, 287, 290, 292, 294, 295, 296, 310, 312, 317, 318, 320, 323, 343, 344, 345, 347, 349, 351, 352, 357, 360, 361, 362, 364, 365, 367, 368, 370, 371, 372, 374, 375, 376, 377, 378, 379, 380, 382, 383, 386, 387, 388, 390, 391, 392, 394, 395, 396, 397, 399, 406, 418, 421, 422, 423, 425, 426, 427, 429, 430, 431, 433, 434, 435, 436, 437, 440, 441, 445, 446, 449, 450, 453, 454, 461, 463, 464, 467, 474, 475, 478, 479, 480, 481, 482, 484, 485, 488, 489, 490, 491, 494, 510, 511, 515, 518, 537, 538, 539, 541, 542, 545, 546, 547, 549, 550, 551, 553, 554, 555, 556, 557, 558, 559, 560, 563, 564, 565, 566, 567, 570, 571, 572, 574, 582, 583, 584, 586, 590, 593, 594, 595, 596, 597, 603, 604, 605, 606, 607, 608, 609, 611, 614, 621, 669], "summary": {"covered_lines": 263, "num_statements": 293, "percent_covered": 89.76109215017065, "percent_covered_display": "90", "missing_lines": 30, "excluded_lines": 0}, "missing_lines": [158, 159, 203, 204, 205, 353, 358, 366, 442, 476, 486, 492, 512, 513, 599, 612, 622, 625, 631, 637, 640, 645, 646, 648, 650, 655, 656, 658, 666, 670], "excluded_lines": []}}}, "app/util/string_utils.py": {"executed_lines": [1, 2, 3, 4, 7, 15, 16, 18, 20, 22, 24, 25, 27, 28, 31, 33, 36, 38, 39, 40, 41, 42, 45, 47, 50, 58, 59, 60, 61, 62, 63, 64, 65, 66, 70, 71, 72, 75, 82, 83, 84, 85, 86, 87, 88, 89, 91, 92, 97, 98, 99], "summary": {"covered_lines": 51, "num_statements": 54, "percent_covered": 94.44444444444444, "percent_covered_display": "94", "missing_lines": 3, "excluded_lines": 0}, "missing_lines": [67, 68, 69], "excluded_lines": [], "functions": {"sanitize_for_filename": {"executed_lines": [15, 16, 18, 20, 22, 24, 25, 27, 28], "summary": {"covered_lines": 9, "num_statements": 9, "percent_covered": 100.0, "percent_covered_display": "100", "missing_lines": 0, "excluded_lines": 0}, "missing_lines": [], "excluded_lines": []}, "truncate_simple": {"executed_lines": [33], "summary": {"covered_lines": 1, "num_statements": 1, "percent_covered": 100.0, "percent_covered_display": "100", "missing_lines": 0, "excluded_lines": 0}, "missing_lines": [], "excluded_lines": []}, "truncate_with_ellipsis": {"executed_lines": [38, 39, 40, 41, 42], "summary": {"covered_lines": 5, "num_statements": 5, "percent_covered": 100.0, "percent_covered_display": "100", "missing_lines": 0, "excluded_lines": 0}, "missing_lines": [], "excluded_lines": []}, "truncate_word_safe": {"executed_lines": [47], "summary": {"covered_lines": 1, "num_statements": 1, "percent_covered": 100.0, "percent_covered_display": "100", "missing_lines": 0, "excluded_lines": 0}, "missing_lines": [], "excluded_lines": []}, "resolve_name": {"executed_lines": [58, 59, 60, 61, 62, 63, 64, 65, 66, 70, 71, 72], "summary": {"covered_lines": 12, "num_statements": 15, "percent_covered": 80.0, "percent_covered_display": "80", "missing_lines": 3, "excluded_lines": 0}, "missing_lines": [67, 68, 69], "excluded_lines": []}, "format_date": {"executed_lines": [82, 83, 84, 85, 86, 87, 88, 89, 91, 92, 97, 98, 99], "summary": {"covered_lines": 13, "num_statements": 13, "percent_covered": 100.0, "percent_covered_display": "100", "missing_lines": 0, "excluded_lines": 0}, "missing_lines": [], "excluded_lines": []}, "": {"executed_lines": [1, 2, 3, 4, 7, 31, 36, 45, 50, 75], "summary": {"covered_lines": 10, "num_statements": 10, "percent_covered": 100.0, "percent_covered_display": "100", "missing_lines": 0, "excluded_lines": 0}, "missing_lines": [], "excluded_lines": []}}, "classes": {"": {"executed_lines": [1, 2, 3, 4, 7, 15, 16, 18, 20, 22, 24, 25, 27, 28, 31, 33, 36, 38, 39, 40, 41, 42, 45, 47, 50, 58, 59, 60, 61, 62, 63, 64, 65, 66, 70, 71, 72, 75, 82, 83, 84, 85, 86, 87, 88, 89, 91, 92, 97, 98, 99], "summary": {"covered_lines": 51, "num_statements": 54, "percent_covered": 94.44444444444444, "percent_covered_display": "94", "missing_lines": 3, "excluded_lines": 0}, "missing_lines": [67, 68, 69], "excluded_lines": []}}}, "app/util/timestamp_audio_extractor.py": {"executed_lines": [1, 10, 12, 13, 14, 15, 17, 19, 20, 21, 22, 23, 25, 29, 30, 31, 33, 34, 35, 36, 37, 38, 43, 52, 53, 54, 57, 73, 74, 75, 77, 78, 79, 82, 83, 84, 85, 86, 89, 90, 91, 92, 93, 95, 96, 97, 100, 120, 121, 122, 129, 132, 133, 134, 135, 140, 143, 144, 145, 146, 150, 153, 170, 172, 173, 175, 176, 177, 179, 180, 181, 183, 184, 186, 188, 191, 211, 212, 213, 215, 217, 218, 221, 222, 224, 231, 238, 239, 243, 244, 245, 246, 248, 259, 270, 273, 295, 296, 301, 302, 303, 308, 310, 311, 312, 315, 319, 323, 328, 329, 332, 333, 339, 341, 345, 346, 347, 348, 350, 351, 356, 368, 379, 382, 401, 403, 406, 407, 410, 411, 416, 419, 421, 425, 432], "summary": {"covered_lines": 133, "num_statements": 158, "percent_covered": 84.17721518987342, "percent_covered_display": "84", "missing_lines": 25, "excluded_lines": 0}, "missing_lines": [219, 225, 229, 297, 298, 304, 305, 306, 316, 320, 335, 336, 413, 427, 428, 429, 447, 449, 450, 451, 453, 457, 458, 460, 464], "excluded_lines": [], "functions": {"duration_to_seconds": {"executed_lines": [52, 53, 54], "summary": {"covered_lines": 3, "num_statements": 3, "percent_covered": 100.0, "percent_covered_display": "100", "missing_lines": 0, "excluded_lines": 0}, "missing_lines": [], "excluded_lines": []}, "find_nearest_structure_boundary": {"executed_lines": [73, 74, 75, 77, 78, 79, 82, 83, 84, 85, 86, 89, 90, 91, 92, 93, 95, 96, 97], "summary": {"covered_lines": 19, "num_statements": 19, "percent_covered": 100.0, "percent_covered_display": "100", "missing_lines": 0, "excluded_lines": 0}, "missing_lines": [], "excluded_lines": []}, "adjust_segment_to_structure": {"executed_lines": [120, 121, 122, 129, 132, 133, 134, 135, 140, 143, 144, 145, 146, 150], "summary": {"covered_lines": 14, "num_statements": 14, "percent_covered": 100.0, "percent_covered_display": "100", "missing_lines": 0, "excluded_lines": 0}, "missing_lines": [], "excluded_lines": []}, "split_long_segment": {"executed_lines": [170, 172, 173, 175, 176, 177, 179, 180, 181, 183, 184, 186, 188], "summary": {"covered_lines": 13, "num_statements": 13, "percent_covered": 100.0, "percent_covered_display": "100", "missing_lines": 0, "excluded_lines": 0}, "missing_lines": [], "excluded_lines": []}, "create_segment_specs_from_structure": {"executed_lines": [211, 212, 213, 215, 217, 218, 221, 222, 224, 231, 238, 239, 243, 244, 245, 246, 248, 259, 270], "summary": {"covered_lines": 19, "num_statements": 22, "percent_covered": 86.36363636363636, "percent_covered_display": "86", "missing_lines": 3, "excluded_lines": 0}, "missing_lines": [219, 225, 229], "excluded_lines": []}, "create_segment_specs_from_lrc": {"executed_lines": [295, 296, 301, 302, 303, 308, 310, 311, 312, 315, 319, 323, 328, 329, 332, 333, 339, 341, 345, 346, 347, 348, 350, 351, 356, 368, 379], "summary": {"covered_lines": 27, "num_statements": 36, "percent_covered": 75.0, "percent_covered_display": "75", "missing_lines": 9, "excluded_lines": 0}, "missing_lines": [297, 298, 304, 305, 306, 316, 320, 335, 336], "excluded_lines": []}, "extract_audio_segment": {"executed_lines": [401, 403, 406, 407, 410, 411, 416, 419, 421, 425], "summary": {"covered_lines": 10, "num_statements": 14, "percent_covered": 71.42857142857143, "percent_covered_display": "71", "missing_lines": 4, "excluded_lines": 0}, "missing_lines": [413, 427, 428, 429], "excluded_lines": []}, "extract_all_segments": {"executed_lines": [], "summary": {"covered_lines": 0, "num_statements": 9, "percent_covered": 0.0, "percent_covered_display": "0", "missing_lines": 9, "excluded_lines": 0}, "missing_lines": [447, 449, 450, 451, 453, 457, 458, 460, 464], "excluded_lines": []}, "": {"executed_lines": [1, 10, 12, 13, 14, 15, 17, 19, 20, 21, 22, 23, 25, 29, 30, 31, 33, 34, 35, 36, 37, 38, 43, 57, 100, 153, 191, 273, 382, 432], "summary": {"covered_lines": 28, "num_statements": 28, "percent_covered": 100.0, "percent_covered_display": "100", "missing_lines": 0, "excluded_lines": 0}, "missing_lines": [], "excluded_lines": []}}, "classes": {"AudioSegmentSpec": {"executed_lines": [], "summary": {"covered_lines": 0, "num_statements": 0, "percent_covered": 100.0, "percent_covered_display": "100", "missing_lines": 0, "excluded_lines": 0}, "missing_lines": [], "excluded_lines": []}, "": {"executed_lines": [1, 10, 12, 13, 14, 15, 17, 19, 20, 21, 22, 23, 25, 29, 30, 31, 33, 34, 35, 36, 37, 38, 43, 52, 53, 54, 57, 73, 74, 75, 77, 78, 79, 82, 83, 84, 85, 86, 89, 90, 91, 92, 93, 95, 96, 97, 100, 120, 121, 122, 129, 132, 133, 134, 135, 140, 143, 144, 145, 146, 150, 153, 170, 172, 173, 175, 176, 177, 179, 180, 181, 183, 184, 186, 188, 191, 211, 212, 213, 215, 217, 218, 221, 222, 224, 231, 238, 239, 243, 244, 245, 246, 248, 259, 270, 273, 295, 296, 301, 302, 303, 308, 310, 311, 312, 315, 319, 323, 328, 329, 332, 333, 339, 341, 345, 346, 347, 348, 350, 351, 356, 368, 379, 382, 401, 403, 406, 407, 410, 411, 416, 419, 421, 425, 432], "summary": {"covered_lines": 133, "num_statements": 158, "percent_covered": 84.17721518987342, "percent_covered_display": "84", "missing_lines": 25, "excluded_lines": 0}, "missing_lines": [219, 225, 229, 297, 298, 304, 305, 306, 316, 320, 335, 336, 413, 427, 428, 429, 447, 449, 450, 451, 453, 457, 458, 460, 464], "excluded_lines": []}}}, "app/util/timestamp_pipeline.py": {"executed_lines": [1, 16, 18, 19, 20, 21, 22, 24, 25, 26, 31, 34, 35, 36, 38, 39, 40, 41, 42, 43, 46, 47, 48, 50, 51, 52, 53, 54, 55, 56, 57, 58, 59, 60, 61, 62, 63, 64, 67, 88, 89, 91, 92, 95, 96, 97, 98, 100, 101, 103, 106, 107, 108, 109, 110, 113, 118, 119, 120, 123, 124, 125, 126, 129, 130, 139, 140, 141, 147, 150, 151, 154, 155, 157, 158, 161, 162, 170, 175, 176, 190, 208, 209, 212, 213, 214, 215, 218, 221, 222, 223, 225, 236, 244, 247, 260, 261, 263, 264, 265, 266, 268, 269, 270, 272, 273, 274, 276, 280, 282, 292, 299, 302, 319, 321, 322, 323, 326, 329, 330, 332, 334, 336, 337, 340], "summary": {"covered_lines": 122, "num_statements": 127, "percent_covered": 96.06299212598425, "percent_covered_display": "96", "missing_lines": 5, "excluded_lines": 0}, "missing_lines": [171, 172, 177, 178, 180], "excluded_lines": [], "functions": {"process_track_directory": {"executed_lines": [88, 89, 91, 92, 95, 96, 97, 98, 100, 101, 103, 106, 107, 108, 109, 110, 113, 118, 119, 120, 123, 124, 125, 126, 129, 130, 139, 140, 141, 147, 150, 151, 154, 155, 157, 158, 161, 162, 170, 175, 176, 190, 208, 209, 212, 213, 214, 215, 218, 221, 222, 223, 225, 236, 244], "summary": {"covered_lines": 55, "num_statements": 60, "percent_covered": 91.66666666666667, "percent_covered_display": "92", "missing_lines": 5, "excluded_lines": 0}, "missing_lines": [171, 172, 177, 178, 180], "excluded_lines": []}, "process_multiple_tracks": {"executed_lines": [260, 261, 263, 264, 265, 266, 268, 269, 270, 272, 273, 274, 276, 280, 282, 292, 299], "summary": {"covered_lines": 17, "num_statements": 17, "percent_covered": 100.0, "percent_covered_display": "100", "missing_lines": 0, "excluded_lines": 0}, "missing_lines": [], "excluded_lines": []}, "process_staged_raw_material": {"executed_lines": [319, 321, 322, 323, 326, 329, 330, 332, 334, 336, 337, 340], "summary": {"covered_lines": 12, "num_statements": 12, "percent_covered": 100.0, "percent_covered_display": "100", "missing_lines": 0, "excluded_lines": 0}, "missing_lines": [], "excluded_lines": []}, "": {"executed_lines": [1, 16, 18, 19, 20, 21, 22, 24, 25, 26, 31, 34, 35, 36, 38, 39, 40, 41, 42, 43, 46, 47, 48, 50, 51, 52, 53, 54, 55, 56, 57, 58, 59, 60, 61, 62, 63, 64, 67, 247, 302], "summary": {"covered_lines": 38, "num_statements": 38, "percent_covered": 100.0, "percent_covered_display": "100", "missing_lines": 0, "excluded_lines": 0}, "missing_lines": [], "excluded_lines": []}}, "classes": {"PipelineConfig": {"executed_lines": [], "summary": {"covered_lines": 0, "num_statements": 0, "percent_covered": 100.0, "percent_covered_display": "100", "missing_lines": 0, "excluded_lines": 0}, "missing_lines": [], "excluded_lines": []}, "SegmentMetadata": {"executed_lines": [], "summary": {"covered_lines": 0, "num_statements": 0, "percent_covered": 100.0, "percent_covered_display": "100", "missing_lines": 0, "excluded_lines": 0}, "missing_lines": [], "excluded_lines": []}, "": {"executed_lines": [1, 16, 18, 19, 20, 21, 22, 24, 25, 26, 31, 34, 35, 36, 38, 39, 40, 41, 42, 43, 46, 47, 48, 50, 51, 52, 53, 54, 55, 56, 57, 58, 59, 60, 61, 62, 63, 64, 67, 88, 89, 91, 92, 95, 96, 97, 98, 100, 101, 103, 106, 107, 108, 109, 110, 113, 118, 119, 120, 123, 124, 125, 126, 129, 130, 139, 140, 141, 147, 150, 151, 154, 155, 157, 158, 161, 162, 170, 175, 176, 190, 208, 209, 212, 213, 214, 215, 218, 221, 222, 223, 225, 236, 244, 247, 260, 261, 263, 264, 265, 266, 268, 269, 270, 272, 273, 274, 276, 280, 282, 292, 299, 302, 319, 321, 322, 323, 326, 329, 330, 332, 334, 336, 337, 340], "summary": {"covered_lines": 122, "num_statements": 127, "percent_covered": 96.06299212598425, "percent_covered_display": "96", "missing_lines": 5, "excluded_lines": 0}, "missing_lines": [171, 172, 177, 178, 180], "excluded_lines": []}}}}, "totals": {"covered_lines": 12215, "num_statements": 21073, "percent_covered": 57.965168699283446, "percent_covered_display": "58", "missing_lines": 8858, "excluded_lines": 11}}